Using pre-set license
Built from '2022.3/release' branch; Version is '2022.3.20f1 (61c2feb0970d) revision 6406910'; Using compiler version '192829333'; Build Type 'Release'
OS: 'Windows 10  (10.0.19045) 64bit Core' Language: 'es' Physical Memory: 16172 MB
BatchMode: 1, IsHumanControllingUs: 0, StartBugReporterOnCrash: 0, Is64bit: 1, IsPro: 1

COMMAND LINE ARGUMENTS:
C:\Program Files\Unity\Hub\Editor\2022.3.20f1\Editor\Unity.exe
-adb2
-batchMode
-noUpm
-name
AssetImportWorker6
-projectPath
C:/Users/Alvaro/Desktop/TFG
-logFile
Logs/AssetImportWorker6.log
-srvPort
51470
Successfully changed project path to: C:/Users/Alvaro/Desktop/TFG
C:/Users/Alvaro/Desktop/TFG
[UnityMemory] Configuration Parameters - Can be set up in boot.config
    "memorysetup-bucket-allocator-granularity=16"
    "memorysetup-bucket-allocator-bucket-count=8"
    "memorysetup-bucket-allocator-block-size=33554432"
    "memorysetup-bucket-allocator-block-count=8"
    "memorysetup-main-allocator-block-size=16777216"
    "memorysetup-thread-allocator-block-size=16777216"
    "memorysetup-gfx-main-allocator-block-size=16777216"
    "memorysetup-gfx-thread-allocator-block-size=16777216"
    "memorysetup-cache-allocator-block-size=4194304"
    "memorysetup-typetree-allocator-block-size=2097152"
    "memorysetup-profiler-bucket-allocator-granularity=16"
    "memorysetup-profiler-bucket-allocator-bucket-count=8"
    "memorysetup-profiler-bucket-allocator-block-size=33554432"
    "memorysetup-profiler-bucket-allocator-block-count=8"
    "memorysetup-profiler-allocator-block-size=16777216"
    "memorysetup-profiler-editor-allocator-block-size=1048576"
    "memorysetup-temp-allocator-size-main=16777216"
    "memorysetup-job-temp-allocator-block-size=2097152"
    "memorysetup-job-temp-allocator-block-size-background=1048576"
    "memorysetup-job-temp-allocator-reduction-small-platforms=262144"
    "memorysetup-allocator-temp-initial-block-size-main=262144"
    "memorysetup-allocator-temp-initial-block-size-worker=262144"
    "memorysetup-temp-allocator-size-background-worker=32768"
    "memorysetup-temp-allocator-size-job-worker=262144"
    "memorysetup-temp-allocator-size-preload-manager=33554432"
    "memorysetup-temp-allocator-size-nav-mesh-worker=65536"
    "memorysetup-temp-allocator-size-audio-worker=65536"
    "memorysetup-temp-allocator-size-cloud-worker=32768"
    "memorysetup-temp-allocator-size-gi-baking-worker=262144"
    "memorysetup-temp-allocator-size-gfx=262144"
Player connection [21024] Host "[IP] 192.168.18.175 [Port] 0 [Flags] 2 [Guid] 2404705246 [EditorId] 2404705246 [Version] 1048832 [Id] WindowsEditor(7,DESKTOP-HFLLRU5) [Debug] 1 [PackageName] WindowsEditor [ProjectName] Editor" joined multi-casting on [225.0.0.222:54997]...

Player connection [21024] Host "[IP] 192.168.18.175 [Port] 0 [Flags] 2 [Guid] 2404705246 [EditorId] 2404705246 [Version] 1048832 [Id] WindowsEditor(7,DESKTOP-HFLLRU5) [Debug] 1 [PackageName] WindowsEditor [ProjectName] Editor" joined alternative multi-casting on [225.0.0.222:34997]...

[Physics::Module] Initialized MultithreadedJobDispatcher with 11 workers.
Refreshing native plugins compatible for Editor in 12.79 ms, found 3 plugins.
Preloading 0 native plugins for Editor in 0.00 ms.
Initialize engine version: 2022.3.20f1 (61c2feb0970d)
[Subsystems] Discovering subsystems at path C:/Program Files/Unity/Hub/Editor/2022.3.20f1/Editor/Data/Resources/UnitySubsystems
[Subsystems] Discovering subsystems at path C:/Users/Alvaro/Desktop/TFG/Assets
GfxDevice: creating device client; threaded=0; jobified=0
Direct3D:
    Version:  Direct3D 11.0 [level 11.1]
    Renderer: NVIDIA GeForce RTX 3070 (ID=0x2484)
    Vendor:   NVIDIA
    VRAM:     8031 MB
    Driver:   31.0.15.3623
Initialize mono
Mono path[0] = 'C:/Program Files/Unity/Hub/Editor/2022.3.20f1/Editor/Data/Managed'
Mono path[1] = 'C:/Program Files/Unity/Hub/Editor/2022.3.20f1/Editor/Data/MonoBleedingEdge/lib/mono/unityjit-win32'
Mono config path = 'C:/Program Files/Unity/Hub/Editor/2022.3.20f1/Editor/Data/MonoBleedingEdge/etc'
Using monoOptions --debugger-agent=transport=dt_socket,embedding=1,server=y,suspend=n,address=127.0.0.1:56020
Begin MonoManager ReloadAssembly
Registering precompiled unity dll's ...
Register platform support module: C:/Program Files/Unity/Hub/Editor/2022.3.20f1/Editor/Data/PlaybackEngines/WindowsStandaloneSupport/UnityEditor.WindowsStandalone.Extensions.dll
Registered in 0.011972 seconds.
- Loaded All Assemblies, in  0.456 seconds
Native extension for WindowsStandalone target not found
Mono: successfully reloaded assembly
- Finished resetting the current domain, in  0.439 seconds
Domain Reload Profiling: 892ms
	BeginReloadAssembly (163ms)
		ExecutionOrderSort (0ms)
		DisableScriptedObjects (0ms)
		BackupInstance (0ms)
		ReleaseScriptingObjects (0ms)
		CreateAndSetChildDomain (2ms)
	RebuildCommonClasses (38ms)
	RebuildNativeTypeToScriptingClass (10ms)
	initialDomainReloadingComplete (95ms)
	LoadAllAssembliesAndSetupDomain (147ms)
		LoadAssemblies (159ms)
		RebuildTransferFunctionScriptingTraits (0ms)
		AnalyzeDomain (145ms)
			TypeCache.Refresh (143ms)
				TypeCache.ScanAssembly (128ms)
			ScanForSourceGeneratedMonoScriptInfo (0ms)
			ResolveRequiredComponents (1ms)
	FinalizeReload (439ms)
		ReleaseScriptCaches (0ms)
		RebuildScriptCaches (0ms)
		SetupLoadedEditorAssemblies (360ms)
			LogAssemblyErrors (0ms)
			InitializePlatformSupportModulesInManaged (17ms)
			SetLoadedEditorAssemblies (10ms)
			RefreshPlugins (0ms)
			BeforeProcessingInitializeOnLoad (4ms)
			ProcessInitializeOnLoadAttributes (248ms)
			ProcessInitializeOnLoadMethodAttributes (80ms)
			AfterProcessingInitializeOnLoad (0ms)
			EditorAssembliesLoaded (0ms)
		ExecutionOrderSort2 (0ms)
		AwakeInstancesAfterBackupRestoration (0ms)
========================================================================
Worker process is ready to serve import requests
Begin MonoManager ReloadAssembly
- Loaded All Assemblies, in  0.818 seconds
Refreshing native plugins compatible for Editor in 4.86 ms, found 3 plugins.
Native extension for WindowsStandalone target not found
Package Manager log level set to [2]
[Package Manager] Server::EnsureServerProcessIsRunning -- launch failed, reason: Unity was launched with the -noUpm command-line argument
[Package Manager] UpmClient::Send -- Unable to send message (not connected to UPM process).
[Package Manager] Cannot connect to Unity Package Manager local server
Mono: successfully reloaded assembly
- Finished resetting the current domain, in  0.863 seconds
Domain Reload Profiling: 1676ms
	BeginReloadAssembly (227ms)
		ExecutionOrderSort (0ms)
		DisableScriptedObjects (11ms)
		BackupInstance (0ms)
		ReleaseScriptingObjects (0ms)
		CreateAndSetChildDomain (27ms)
	RebuildCommonClasses (36ms)
	RebuildNativeTypeToScriptingClass (10ms)
	initialDomainReloadingComplete (69ms)
	LoadAllAssembliesAndSetupDomain (470ms)
		LoadAssemblies (425ms)
		RebuildTransferFunctionScriptingTraits (0ms)
		AnalyzeDomain (184ms)
			TypeCache.Refresh (158ms)
				TypeCache.ScanAssembly (143ms)
			ScanForSourceGeneratedMonoScriptInfo (19ms)
			ResolveRequiredComponents (6ms)
	FinalizeReload (864ms)
		ReleaseScriptCaches (0ms)
		RebuildScriptCaches (0ms)
		SetupLoadedEditorAssemblies (670ms)
			LogAssemblyErrors (0ms)
			InitializePlatformSupportModulesInManaged (12ms)
			SetLoadedEditorAssemblies (4ms)
			RefreshPlugins (0ms)
			BeforeProcessingInitializeOnLoad (89ms)
			ProcessInitializeOnLoadAttributes (515ms)
			ProcessInitializeOnLoadMethodAttributes (37ms)
			AfterProcessingInitializeOnLoad (12ms)
			EditorAssembliesLoaded (0ms)
		ExecutionOrderSort2 (0ms)
		AwakeInstancesAfterBackupRestoration (11ms)
Launched and connected shader compiler UnityShaderCompiler.exe after 0.05 seconds
Refreshing native plugins compatible for Editor in 4.80 ms, found 3 plugins.
Preloading 0 native plugins for Editor in 0.00 ms.
Unloading 3093 Unused Serialized files (Serialized files now loaded: 0)
Unloading 31 unused Assets / (29.7 KB). Loaded Objects now: 3577.
Memory consumption went from 137.6 MB to 137.5 MB.
Total: 2.993397 ms (FindLiveObjects: 0.249752 ms CreateObjectMapping: 0.183683 ms MarkObjects: 2.495638 ms  DeleteObjects: 0.057759 ms)

AssetImportParameters requested are different than current active one (requested -> active):
  custom:container-demuxer-ogg: 62fdf1f143b41e24485cea50d1cbac27 -> 
  custom:video-decoder-ogg-theora: a1e56fd34408186e4bbccfd4996cb3dc -> 
  custom:framework-win-MediaFoundation: 216162199b28c13a410421893ffa2e32 -> 
  custom:CustomObjectIndexerAttribute: 6d391050e5a25f67b0a2c618074f2cd9 -> 
  custom:container-demuxer-webm: 4f35f7cbe854078d1ac9338744f61a02 -> 
  custom:container-muxer-webm: aa71ff27fc2769a1b78a27578f13a17b -> 
  custom:video-decoder-webm-vp8: 9c59270c3fd7afecdb556c50c9e8de78 -> 
  custom:SearchIndexIgnoredProperties: e643bd26f0fe6173181afceb89e7c659 -> 
  custom:AudioImporter_EditorPlatform: d09bf68614088b80899f8185d706f6e7 -> 
  custom:video-encoder-webm-vp8: eb34c28f22e8b96e1ab97ce403110664 -> 
  custom:audio-decoder-ogg-vorbis: bf7c407c2cedff20999df2af8eb42d56 -> 
  custom:audio-encoder-webm-vorbis: bf7c407c2cedff20999df2af8eb42d56 -> 
========================================================================
Received Import Request.
  Time since last request: 12639.718009 seconds.
  path: Assets/KayKit Mini-Game Variety Pack 1.2/Models/obj/tileLow_desert.obj
  artifactKey: Guid(2ba4cf4e2fcdb5c44976a8077042d745) Importer(815301076,1909f56bfc062723c751e8b465ee728b)
Start importing Assets/KayKit Mini-Game Variety Pack 1.2/Models/obj/tileLow_desert.obj using Guid(2ba4cf4e2fcdb5c44976a8077042d745) Importer(815301076,1909f56bfc062723c751e8b465ee728b)  -> (artifact id: '95f84ef465c53e0fe19c06ef3a7beafe') in 0.241730 seconds
Number of updated asset objects reloaded before import = 0
Number of asset objects unloaded after import = 11
========================================================================
Received Import Request.
  Time since last request: 0.000029 seconds.
  path: Assets/KayKit Mini-Game Variety Pack 1.2/Models/fbx/tileSlopeLowMedium_desert.fbx
  artifactKey: Guid(3a1e3e3f6cc905f4283feee232387b42) Importer(815301076,1909f56bfc062723c751e8b465ee728b)
Start importing Assets/KayKit Mini-Game Variety Pack 1.2/Models/fbx/tileSlopeLowMedium_desert.fbx using Guid(3a1e3e3f6cc905f4283feee232387b42) Importer(815301076,1909f56bfc062723c751e8b465ee728b)  -> (artifact id: 'b8f44930a9bccfbc5aeebdab88bcee97') in 0.079348 seconds
Number of updated asset objects reloaded before import = 0
Number of asset objects unloaded after import = 9
========================================================================
Received Import Request.
  Time since last request: 0.000038 seconds.
  path: Assets/KayKit Mini-Game Variety Pack 1.2/Models/fbx/tileSmall_desert.fbx
  artifactKey: Guid(d2083e716f2052449a72f5e2b4436ba2) Importer(815301076,1909f56bfc062723c751e8b465ee728b)
Start importing Assets/KayKit Mini-Game Variety Pack 1.2/Models/fbx/tileSmall_desert.fbx using Guid(d2083e716f2052449a72f5e2b4436ba2) Importer(815301076,1909f56bfc062723c751e8b465ee728b)  -> (artifact id: '4535ae97b213e32053d2bb25c5339bb7') in 0.066431 seconds
Number of updated asset objects reloaded before import = 0
Number of asset objects unloaded after import = 9
========================================================================
Received Import Request.
  Time since last request: 15.806399 seconds.
  path: Assets/KayKit Mini-Game Variety Pack 1.2/Models/Characters/Bear/obj/character_bearArmLeft.obj
  artifactKey: Guid(eedcba1e5a3f86f4391224653e47a7d8) Importer(815301076,1909f56bfc062723c751e8b465ee728b)
Start importing Assets/KayKit Mini-Game Variety Pack 1.2/Models/Characters/Bear/obj/character_bearArmLeft.obj using Guid(eedcba1e5a3f86f4391224653e47a7d8) Importer(815301076,1909f56bfc062723c751e8b465ee728b)  -> (artifact id: '16f1d7804353d7346461fa08178dc242') in 0.028515 seconds
Number of updated asset objects reloaded before import = 0
Number of asset objects unloaded after import = 10
========================================================================
Received Import Request.
  Time since last request: 0.000024 seconds.
  path: Assets/KayKit Mini-Game Variety Pack 1.2/Models/dae/tileHigh_forest.dae
  artifactKey: Guid(fee310b73de4d944abe024bdca2a5030) Importer(815301076,1909f56bfc062723c751e8b465ee728b)
Start importing Assets/KayKit Mini-Game Variety Pack 1.2/Models/dae/tileHigh_forest.dae using Guid(fee310b73de4d944abe024bdca2a5030) Importer(815301076,1909f56bfc062723c751e8b465ee728b)  -> (artifact id: 'a4d9adbdf2553441da64cad9890db1d5') in 0.026076 seconds
Number of updated asset objects reloaded before import = 0
Number of asset objects unloaded after import = 9
========================================================================
Received Import Request.
  Time since last request: 0.000024 seconds.
  path: Assets/KayKit Mini-Game Variety Pack 1.2/Models/obj/tileSlopeLowMedium_forest.obj
  artifactKey: Guid(be1a8dd93157b7f448715b0b3caf3af8) Importer(815301076,1909f56bfc062723c751e8b465ee728b)
Start importing Assets/KayKit Mini-Game Variety Pack 1.2/Models/obj/tileSlopeLowMedium_forest.obj using Guid(be1a8dd93157b7f448715b0b3caf3af8) Importer(815301076,1909f56bfc062723c751e8b465ee728b)  -> (artifact id: '0872731c00f3f44cbd2b1aee3d269def') in 0.031173 seconds
Number of updated asset objects reloaded before import = 0
Number of asset objects unloaded after import = 11
========================================================================
Received Import Request.
  Time since last request: 3.202630 seconds.
  path: Assets/KayKit Mini-Game Variety Pack 1.2/Models/obj/tileSmall_desert.obj
  artifactKey: Guid(aa61bfea2e24fe246aeb52bca3a5a10d) Importer(815301076,1909f56bfc062723c751e8b465ee728b)
Start importing Assets/KayKit Mini-Game Variety Pack 1.2/Models/obj/tileSmall_desert.obj using Guid(aa61bfea2e24fe246aeb52bca3a5a10d) Importer(815301076,1909f56bfc062723c751e8b465ee728b)  -> (artifact id: 'bf05502b22cf00485e9f2a0329d4ee49') in 0.037886 seconds
Number of updated asset objects reloaded before import = 0
Number of asset objects unloaded after import = 11
========================================================================
Received Import Request.
  Time since last request: 0.000020 seconds.
  path: Assets/KayKit Mini-Game Variety Pack 1.2/Models/obj/detail_forest.obj
  artifactKey: Guid(1de857f62b49cc34ba4447bce7966fb7) Importer(815301076,1909f56bfc062723c751e8b465ee728b)
Start importing Assets/KayKit Mini-Game Variety Pack 1.2/Models/obj/detail_forest.obj using Guid(1de857f62b49cc34ba4447bce7966fb7) Importer(815301076,1909f56bfc062723c751e8b465ee728b)  -> (artifact id: '63b3adb23a41aba7735757f9112ca53a') in 0.047618 seconds
Number of updated asset objects reloaded before import = 0
Number of asset objects unloaded after import = 11
========================================================================
Received Import Request.
  Time since last request: 0.000020 seconds.
  path: Assets/KayKit Mini-Game Variety Pack 1.2/Models/obj/character_dog.obj
  artifactKey: Guid(f933da53c5c49b34a847c1a498f95c3b) Importer(815301076,1909f56bfc062723c751e8b465ee728b)
Start importing Assets/KayKit Mini-Game Variety Pack 1.2/Models/obj/character_dog.obj using Guid(f933da53c5c49b34a847c1a498f95c3b) Importer(815301076,1909f56bfc062723c751e8b465ee728b)  -> (artifact id: 'fe8fb0dcc35845db5284e5eec9a4a82f') in 0.028133 seconds
Number of updated asset objects reloaded before import = 0
Number of asset objects unloaded after import = 10
========================================================================
Received Import Request.
  Time since last request: 12.178536 seconds.
  path: Assets/KayKit Mini-Game Variety Pack 1.2/Models/Characters/Bear/fbx/character_bear.fbx
  artifactKey: Guid(a44050324a2cd984399ddfe676ee76fc) Importer(815301076,1909f56bfc062723c751e8b465ee728b)
Start importing Assets/KayKit Mini-Game Variety Pack 1.2/Models/Characters/Bear/fbx/character_bear.fbx using Guid(a44050324a2cd984399ddfe676ee76fc) Importer(815301076,1909f56bfc062723c751e8b465ee728b)  -> (artifact id: '520865d5429beae99e72ff4696e7b455') in 0.062509 seconds
Number of updated asset objects reloaded before import = 0
Number of asset objects unloaded after import = 24
========================================================================
Received Import Request.
  Time since last request: 7.115951 seconds.
  path: Assets/KayKit Mini-Game Variety Pack 1.2/Models/Characters/Duck/fbx/character_duck.fbx
  artifactKey: Guid(49c317de536c67849b08408531ae029c) Importer(815301076,1909f56bfc062723c751e8b465ee728b)
Start importing Assets/KayKit Mini-Game Variety Pack 1.2/Models/Characters/Duck/fbx/character_duck.fbx using Guid(49c317de536c67849b08408531ae029c) Importer(815301076,1909f56bfc062723c751e8b465ee728b)  -> (artifact id: '6611d0dcfae1343e88e599a222b0034c') in 0.143710 seconds
Number of updated asset objects reloaded before import = 0
Number of asset objects unloaded after import = 25
========================================================================
Received Import Request.
  Time since last request: 1.583578 seconds.
  path: Assets/KayKit Mini-Game Variety Pack 1.2/Models/fbx/button_teamYellow.fbx
  artifactKey: Guid(e8ded46aba5302044b7f855166845313) Importer(815301076,1909f56bfc062723c751e8b465ee728b)
Start importing Assets/KayKit Mini-Game Variety Pack 1.2/Models/fbx/button_teamYellow.fbx using Guid(e8ded46aba5302044b7f855166845313) Importer(815301076,1909f56bfc062723c751e8b465ee728b)  -> (artifact id: '094ba7b8c87066cf90919386d88d3497') in 0.022746 seconds
Number of updated asset objects reloaded before import = 0
Number of asset objects unloaded after import = 9
========================================================================
Received Import Request.
  Time since last request: 0.018705 seconds.
  path: Assets/KayKit Mini-Game Variety Pack 1.2/Models/dae/button_teamRed.dae
  artifactKey: Guid(1a7d6cbdc22fd5a42bec9dccd611d5f3) Importer(815301076,1909f56bfc062723c751e8b465ee728b)
Start importing Assets/KayKit Mini-Game Variety Pack 1.2/Models/dae/button_teamRed.dae using Guid(1a7d6cbdc22fd5a42bec9dccd611d5f3) Importer(815301076,1909f56bfc062723c751e8b465ee728b)  -> (artifact id: '583b16935e0c872f0496197007e3ee57') in 0.023251 seconds
Number of updated asset objects reloaded before import = 0
Number of asset objects unloaded after import = 9
========================================================================
Received Import Request.
  Time since last request: 0.061732 seconds.
  path: Assets/KayKit Mini-Game Variety Pack 1.2/Models/fbx/button_teamBlue.fbx
  artifactKey: Guid(a52c0abc258bb90468a087e7aadadd5b) Importer(815301076,1909f56bfc062723c751e8b465ee728b)
Start importing Assets/KayKit Mini-Game Variety Pack 1.2/Models/fbx/button_teamBlue.fbx using Guid(a52c0abc258bb90468a087e7aadadd5b) Importer(815301076,1909f56bfc062723c751e8b465ee728b)  -> (artifact id: '3f14c330f66cc1dcaabdd096a26ed0d9') in 0.022799 seconds
Number of updated asset objects reloaded before import = 0
Number of asset objects unloaded after import = 9
========================================================================
Received Import Request.
  Time since last request: 0.112626 seconds.
  path: Assets/KayKit Mini-Game Variety Pack 1.2/Models/dae/bow_teamYellow.dae
  artifactKey: Guid(0866cc58ac1c5de458fccf07773502d3) Importer(815301076,1909f56bfc062723c751e8b465ee728b)
Start importing Assets/KayKit Mini-Game Variety Pack 1.2/Models/dae/bow_teamYellow.dae using Guid(0866cc58ac1c5de458fccf07773502d3) Importer(815301076,1909f56bfc062723c751e8b465ee728b)  -> (artifact id: '7c633df688c4fc730fb9b01e01b1b74d') in 0.025939 seconds
Number of updated asset objects reloaded before import = 0
Number of asset objects unloaded after import = 10
========================================================================
Received Import Request.
  Time since last request: 0.477486 seconds.
  path: Assets/KayKit Mini-Game Variety Pack 1.2/Models/dae/bow_teamRed.dae
  artifactKey: Guid(f4346ed5cc4828a48bbfc9b48c7aeace) Importer(815301076,1909f56bfc062723c751e8b465ee728b)
Start importing Assets/KayKit Mini-Game Variety Pack 1.2/Models/dae/bow_teamRed.dae using Guid(f4346ed5cc4828a48bbfc9b48c7aeace) Importer(815301076,1909f56bfc062723c751e8b465ee728b)  -> (artifact id: '395245b5a5c1815101ef3a8d006d08c8') in 0.028996 seconds
Number of updated asset objects reloaded before import = 0
Number of asset objects unloaded after import = 10
========================================================================
Received Import Request.
  Time since last request: 0.034916 seconds.
  path: Assets/KayKit Mini-Game Variety Pack 1.2/Models/dae/bow_teamBlue.dae
  artifactKey: Guid(e3248b75a49601c4b97fd0ae832c441a) Importer(815301076,1909f56bfc062723c751e8b465ee728b)
Start importing Assets/KayKit Mini-Game Variety Pack 1.2/Models/dae/bow_teamBlue.dae using Guid(e3248b75a49601c4b97fd0ae832c441a) Importer(815301076,1909f56bfc062723c751e8b465ee728b)  -> (artifact id: '1b3c88fa790fdca4d5cb1b7643181671') in 0.027157 seconds
Number of updated asset objects reloaded before import = 0
Number of asset objects unloaded after import = 10
========================================================================
Received Import Request.
  Time since last request: 0.627771 seconds.
  path: Assets/KayKit Mini-Game Variety Pack 1.2/Models/fbx/bomb_teamBlue.fbx
  artifactKey: Guid(d2db4370f85ff844e97b050ba8c6d68c) Importer(815301076,1909f56bfc062723c751e8b465ee728b)
Start importing Assets/KayKit Mini-Game Variety Pack 1.2/Models/fbx/bomb_teamBlue.fbx using Guid(d2db4370f85ff844e97b050ba8c6d68c) Importer(815301076,1909f56bfc062723c751e8b465ee728b)  -> (artifact id: '09ced9b45477be26367eaa6b795b03f9') in 0.027224 seconds
Number of updated asset objects reloaded before import = 0
Number of asset objects unloaded after import = 10
========================================================================
Received Import Request.
  Time since last request: 0.081704 seconds.
  path: Assets/KayKit Mini-Game Variety Pack 1.2/Models/dae/bomb_teamBlue.dae
  artifactKey: Guid(434e1569714b7b0449530ff30342605f) Importer(815301076,1909f56bfc062723c751e8b465ee728b)
Start importing Assets/KayKit Mini-Game Variety Pack 1.2/Models/dae/bomb_teamBlue.dae using Guid(434e1569714b7b0449530ff30342605f) Importer(815301076,1909f56bfc062723c751e8b465ee728b)  -> (artifact id: '482721dcfaffad07b7675c3e24213d0a') in 0.029861 seconds
Number of updated asset objects reloaded before import = 0
Number of asset objects unloaded after import = 10
========================================================================
Received Import Request.
  Time since last request: 0.576287 seconds.
  path: Assets/KayKit Mini-Game Variety Pack 1.2/Models/dae/blaster_teamYellow.dae
  artifactKey: Guid(33f19acb0262629428e89c794b518902) Importer(815301076,1909f56bfc062723c751e8b465ee728b)
Start importing Assets/KayKit Mini-Game Variety Pack 1.2/Models/dae/blaster_teamYellow.dae using Guid(33f19acb0262629428e89c794b518902) Importer(815301076,1909f56bfc062723c751e8b465ee728b)  -> (artifact id: '37c4a49dbcb365aeb85058c1d7af9810') in 0.026858 seconds
Number of updated asset objects reloaded before import = 0
Number of asset objects unloaded after import = 9
========================================================================
Received Import Request.
  Time since last request: 0.022089 seconds.
  path: Assets/KayKit Mini-Game Variety Pack 1.2/Models/dae/blaster_teamRed.dae
  artifactKey: Guid(013506f96fa3d9048870f9a160b5e5a1) Importer(815301076,1909f56bfc062723c751e8b465ee728b)
Start importing Assets/KayKit Mini-Game Variety Pack 1.2/Models/dae/blaster_teamRed.dae using Guid(013506f96fa3d9048870f9a160b5e5a1) Importer(815301076,1909f56bfc062723c751e8b465ee728b)  -> (artifact id: '4f927f2595fac23f517c9ca45d66c306') in 0.024794 seconds
Number of updated asset objects reloaded before import = 0
Number of asset objects unloaded after import = 9
