Using pre-set license
Built from '2022.3/release' branch; Version is '2022.3.20f1 (61c2feb0970d) revision 6406910'; Using compiler version '192829333'; Build Type 'Release'
OS: 'Windows 10  (10.0.19045) 64bit Core' Language: 'es' Physical Memory: 16172 MB
BatchMode: 1, IsHumanControllingUs: 0, StartBugReporterOnCrash: 0, Is64bit: 1, IsPro: 1

COMMAND LINE ARGUMENTS:
C:\Program Files\Unity\Hub\Editor\2022.3.20f1\Editor\Unity.exe
-adb2
-batchMode
-noUpm
-name
AssetImportWorker0
-projectPath
C:/Users/Alvaro/Desktop/TFG
-logFile
Logs/AssetImportWorker0.log
-srvPort
53630
Successfully changed project path to: C:/Users/Alvaro/Desktop/TFG
C:/Users/Alvaro/Desktop/TFG
[UnityMemory] Configuration Parameters - Can be set up in boot.config
    "memorysetup-bucket-allocator-granularity=16"
    "memorysetup-bucket-allocator-bucket-count=8"
    "memorysetup-bucket-allocator-block-size=33554432"
    "memorysetup-bucket-allocator-block-count=8"
    "memorysetup-main-allocator-block-size=16777216"
    "memorysetup-thread-allocator-block-size=16777216"
    "memorysetup-gfx-main-allocator-block-size=16777216"
    "memorysetup-gfx-thread-allocator-block-size=16777216"
    "memorysetup-cache-allocator-block-size=4194304"
    "memorysetup-typetree-allocator-block-size=2097152"
    "memorysetup-profiler-bucket-allocator-granularity=16"
    "memorysetup-profiler-bucket-allocator-bucket-count=8"
    "memorysetup-profiler-bucket-allocator-block-size=33554432"
    "memorysetup-profiler-bucket-allocator-block-count=8"
    "memorysetup-profiler-allocator-block-size=16777216"
    "memorysetup-profiler-editor-allocator-block-size=1048576"
    "memorysetup-temp-allocator-size-main=16777216"
    "memorysetup-job-temp-allocator-block-size=2097152"
    "memorysetup-job-temp-allocator-block-size-background=1048576"
    "memorysetup-job-temp-allocator-reduction-small-platforms=262144"
    "memorysetup-allocator-temp-initial-block-size-main=262144"
    "memorysetup-allocator-temp-initial-block-size-worker=262144"
    "memorysetup-temp-allocator-size-background-worker=32768"
    "memorysetup-temp-allocator-size-job-worker=262144"
    "memorysetup-temp-allocator-size-preload-manager=33554432"
    "memorysetup-temp-allocator-size-nav-mesh-worker=65536"
    "memorysetup-temp-allocator-size-audio-worker=65536"
    "memorysetup-temp-allocator-size-cloud-worker=32768"
    "memorysetup-temp-allocator-size-gi-baking-worker=262144"
    "memorysetup-temp-allocator-size-gfx=262144"
Player connection [20956] Host "[IP] 192.168.18.175 [Port] 0 [Flags] 2 [Guid] 2502525548 [EditorId] 2502525548 [Version] 1048832 [Id] WindowsEditor(7,DESKTOP-HFLLRU5) [Debug] 1 [PackageName] WindowsEditor [ProjectName] Editor" joined multi-casting on [225.0.0.222:54997]...

Player connection [20956] Host "[IP] 192.168.18.175 [Port] 0 [Flags] 2 [Guid] 2502525548 [EditorId] 2502525548 [Version] 1048832 [Id] WindowsEditor(7,DESKTOP-HFLLRU5) [Debug] 1 [PackageName] WindowsEditor [ProjectName] Editor" joined alternative multi-casting on [225.0.0.222:34997]...

[Physics::Module] Initialized MultithreadedJobDispatcher with 11 workers.
Refreshing native plugins compatible for Editor in 13.09 ms, found 3 plugins.
Preloading 0 native plugins for Editor in 0.00 ms.
Initialize engine version: 2022.3.20f1 (61c2feb0970d)
[Subsystems] Discovering subsystems at path C:/Program Files/Unity/Hub/Editor/2022.3.20f1/Editor/Data/Resources/UnitySubsystems
[Subsystems] Discovering subsystems at path C:/Users/Alvaro/Desktop/TFG/Assets
GfxDevice: creating device client; threaded=0; jobified=0
Direct3D:
    Version:  Direct3D 11.0 [level 11.1]
    Renderer: NVIDIA GeForce RTX 3070 (ID=0x2484)
    Vendor:   NVIDIA
    VRAM:     8031 MB
    Driver:   31.0.15.3623
Initialize mono
Mono path[0] = 'C:/Program Files/Unity/Hub/Editor/2022.3.20f1/Editor/Data/Managed'
Mono path[1] = 'C:/Program Files/Unity/Hub/Editor/2022.3.20f1/Editor/Data/MonoBleedingEdge/lib/mono/unityjit-win32'
Mono config path = 'C:/Program Files/Unity/Hub/Editor/2022.3.20f1/Editor/Data/MonoBleedingEdge/etc'
Using monoOptions --debugger-agent=transport=dt_socket,embedding=1,server=y,suspend=n,address=127.0.0.1:56184
Begin MonoManager ReloadAssembly
Registering precompiled unity dll's ...
Register platform support module: C:/Program Files/Unity/Hub/Editor/2022.3.20f1/Editor/Data/PlaybackEngines/WindowsStandaloneSupport/UnityEditor.WindowsStandalone.Extensions.dll
Registered in 0.013478 seconds.
- Loaded All Assemblies, in  0.491 seconds
Native extension for WindowsStandalone target not found
Mono: successfully reloaded assembly
- Finished resetting the current domain, in  0.486 seconds
Domain Reload Profiling: 974ms
	BeginReloadAssembly (176ms)
		ExecutionOrderSort (0ms)
		DisableScriptedObjects (0ms)
		BackupInstance (0ms)
		ReleaseScriptingObjects (0ms)
		CreateAndSetChildDomain (1ms)
	RebuildCommonClasses (40ms)
	RebuildNativeTypeToScriptingClass (12ms)
	initialDomainReloadingComplete (98ms)
	LoadAllAssembliesAndSetupDomain (161ms)
		LoadAssemblies (171ms)
		RebuildTransferFunctionScriptingTraits (0ms)
		AnalyzeDomain (158ms)
			TypeCache.Refresh (156ms)
				TypeCache.ScanAssembly (137ms)
			ScanForSourceGeneratedMonoScriptInfo (1ms)
			ResolveRequiredComponents (1ms)
	FinalizeReload (487ms)
		ReleaseScriptCaches (0ms)
		RebuildScriptCaches (0ms)
		SetupLoadedEditorAssemblies (386ms)
			LogAssemblyErrors (0ms)
			InitializePlatformSupportModulesInManaged (21ms)
			SetLoadedEditorAssemblies (13ms)
			RefreshPlugins (0ms)
			BeforeProcessingInitializeOnLoad (5ms)
			ProcessInitializeOnLoadAttributes (262ms)
			ProcessInitializeOnLoadMethodAttributes (85ms)
			AfterProcessingInitializeOnLoad (0ms)
			EditorAssembliesLoaded (0ms)
		ExecutionOrderSort2 (0ms)
		AwakeInstancesAfterBackupRestoration (0ms)
========================================================================
Worker process is ready to serve import requests
Begin MonoManager ReloadAssembly
- Loaded All Assemblies, in  1.852 seconds
Refreshing native plugins compatible for Editor in 5.01 ms, found 3 plugins.
Native extension for WindowsStandalone target not found
Package Manager log level set to [2]
[Package Manager] Server::EnsureServerProcessIsRunning -- launch failed, reason: Unity was launched with the -noUpm command-line argument
[Package Manager] UpmClient::Send -- Unable to send message (not connected to UPM process).
[Package Manager] Cannot connect to Unity Package Manager local server
Mono: successfully reloaded assembly
- Finished resetting the current domain, in  0.876 seconds
Domain Reload Profiling: 2723ms
	BeginReloadAssembly (237ms)
		ExecutionOrderSort (0ms)
		DisableScriptedObjects (12ms)
		BackupInstance (0ms)
		ReleaseScriptingObjects (0ms)
		CreateAndSetChildDomain (30ms)
	RebuildCommonClasses (37ms)
	RebuildNativeTypeToScriptingClass (10ms)
	initialDomainReloadingComplete (76ms)
	LoadAllAssembliesAndSetupDomain (1487ms)
		LoadAssemblies (1409ms)
		RebuildTransferFunctionScriptingTraits (0ms)
		AnalyzeDomain (219ms)
			TypeCache.Refresh (191ms)
				TypeCache.ScanAssembly (172ms)
			ScanForSourceGeneratedMonoScriptInfo (21ms)
			ResolveRequiredComponents (5ms)
	FinalizeReload (877ms)
		ReleaseScriptCaches (0ms)
		RebuildScriptCaches (0ms)
		SetupLoadedEditorAssemblies (668ms)
			LogAssemblyErrors (0ms)
			InitializePlatformSupportModulesInManaged (11ms)
			SetLoadedEditorAssemblies (4ms)
			RefreshPlugins (0ms)
			BeforeProcessingInitializeOnLoad (94ms)
			ProcessInitializeOnLoadAttributes (513ms)
			ProcessInitializeOnLoadMethodAttributes (34ms)
			AfterProcessingInitializeOnLoad (12ms)
			EditorAssembliesLoaded (0ms)
		ExecutionOrderSort2 (0ms)
		AwakeInstancesAfterBackupRestoration (12ms)
Launched and connected shader compiler UnityShaderCompiler.exe after 0.06 seconds
Refreshing native plugins compatible for Editor in 5.11 ms, found 3 plugins.
Preloading 0 native plugins for Editor in 0.00 ms.
Unloading 3093 Unused Serialized files (Serialized files now loaded: 0)
Unloading 31 unused Assets / (29.7 KB). Loaded Objects now: 3577.
Memory consumption went from 137.7 MB to 137.7 MB.
Total: 5.066356 ms (FindLiveObjects: 0.676762 ms CreateObjectMapping: 0.260508 ms MarkObjects: 3.970686 ms  DeleteObjects: 0.096311 ms)

AssetImportParameters requested are different than current active one (requested -> active):
  custom:container-demuxer-ogg: 62fdf1f143b41e24485cea50d1cbac27 -> 
  custom:video-decoder-ogg-theora: a1e56fd34408186e4bbccfd4996cb3dc -> 
  custom:framework-win-MediaFoundation: 216162199b28c13a410421893ffa2e32 -> 
  custom:CustomObjectIndexerAttribute: 6d391050e5a25f67b0a2c618074f2cd9 -> 
  custom:container-demuxer-webm: 4f35f7cbe854078d1ac9338744f61a02 -> 
  custom:container-muxer-webm: aa71ff27fc2769a1b78a27578f13a17b -> 
  custom:video-decoder-webm-vp8: 9c59270c3fd7afecdb556c50c9e8de78 -> 
  custom:SearchIndexIgnoredProperties: e643bd26f0fe6173181afceb89e7c659 -> 
  custom:AudioImporter_EditorPlatform: d09bf68614088b80899f8185d706f6e7 -> 
  custom:video-encoder-webm-vp8: eb34c28f22e8b96e1ab97ce403110664 -> 
  custom:audio-decoder-ogg-vorbis: bf7c407c2cedff20999df2af8eb42d56 -> 
  custom:audio-encoder-webm-vorbis: bf7c407c2cedff20999df2af8eb42d56 -> 
========================================================================
Received Import Request.
  Time since last request: 32506.997017 seconds.
  path: Assets/KayKit Mini-Game Variety Pack 1.2/Models/obj/tileSmall_teamRed.obj
  artifactKey: Guid(4bc6075eecf160745bd4afd045501e4f) Importer(815301076,1909f56bfc062723c751e8b465ee728b)
Start importing Assets/KayKit Mini-Game Variety Pack 1.2/Models/obj/tileSmall_teamRed.obj using Guid(4bc6075eecf160745bd4afd045501e4f) Importer(815301076,1909f56bfc062723c751e8b465ee728b)  -> (artifact id: '18199f0a7ea0803fcee7f080f067a1a0') in 0.227743 seconds
Number of updated asset objects reloaded before import = 0
Number of asset objects unloaded after import = 11
========================================================================
Received Import Request.
  Time since last request: 0.000032 seconds.
  path: Assets/KayKit Mini-Game Variety Pack 1.2/Models/obj/gateLarge_teamRed.obj
  artifactKey: Guid(66dce17788c7a3c4aacb5bf2573058d9) Importer(815301076,1909f56bfc062723c751e8b465ee728b)
Start importing Assets/KayKit Mini-Game Variety Pack 1.2/Models/obj/gateLarge_teamRed.obj using Guid(66dce17788c7a3c4aacb5bf2573058d9) Importer(815301076,1909f56bfc062723c751e8b465ee728b)  -> (artifact id: '2d932f3f91ca612a6fa069f0b2e2cdd1') in 0.033691 seconds
Number of updated asset objects reloaded before import = 0
Number of asset objects unloaded after import = 10
========================================================================
Received Import Request.
  Time since last request: 0.000040 seconds.
  path: Assets/KayKit Mini-Game Variety Pack 1.2/Models/dae/barrierSmall.dae
  artifactKey: Guid(9d208c8682ef34b49b64b289cdd85136) Importer(815301076,1909f56bfc062723c751e8b465ee728b)
Start importing Assets/KayKit Mini-Game Variety Pack 1.2/Models/dae/barrierSmall.dae using Guid(9d208c8682ef34b49b64b289cdd85136) Importer(815301076,1909f56bfc062723c751e8b465ee728b)  -> (artifact id: 'f07e4d66adc0883af574c4a8735c8048') in 0.025270 seconds
Number of updated asset objects reloaded before import = 0
Number of asset objects unloaded after import = 8
========================================================================
Received Import Request.
  Time since last request: 0.000019 seconds.
  path: Assets/KayKit Mini-Game Variety Pack 1.2/Models/obj/powerupBomb.obj
  artifactKey: Guid(d6ec13f2cac3785408f23330b09cadcb) Importer(815301076,1909f56bfc062723c751e8b465ee728b)
Start importing Assets/KayKit Mini-Game Variety Pack 1.2/Models/obj/powerupBomb.obj using Guid(d6ec13f2cac3785408f23330b09cadcb) Importer(815301076,1909f56bfc062723c751e8b465ee728b)  -> (artifact id: 'a37bdc34d93c664a6a5d2312f34a6896') in 0.034518 seconds
Number of updated asset objects reloaded before import = 0
Number of asset objects unloaded after import = 11
========================================================================
Received Import Request.
  Time since last request: 0.000025 seconds.
  path: Assets/KayKit Mini-Game Variety Pack 1.2/Models/obj/plantB_desert.obj
  artifactKey: Guid(c8f3291a62e873e4185fa15d1a06c8c0) Importer(815301076,1909f56bfc062723c751e8b465ee728b)
Start importing Assets/KayKit Mini-Game Variety Pack 1.2/Models/obj/plantB_desert.obj using Guid(c8f3291a62e873e4185fa15d1a06c8c0) Importer(815301076,1909f56bfc062723c751e8b465ee728b)  -> (artifact id: '76bbd7f755c520e72cfa84b0d8d70063') in 0.029563 seconds
Number of updated asset objects reloaded before import = 0
Number of asset objects unloaded after import = 10
========================================================================
Received Import Request.
  Time since last request: 0.000025 seconds.
  path: Assets/KayKit Mini-Game Variety Pack 1.2/Models/obj/bow_teamBlue.obj
  artifactKey: Guid(8cf1510b385ef424884715a06b053eff) Importer(815301076,1909f56bfc062723c751e8b465ee728b)
Start importing Assets/KayKit Mini-Game Variety Pack 1.2/Models/obj/bow_teamBlue.obj using Guid(8cf1510b385ef424884715a06b053eff) Importer(815301076,1909f56bfc062723c751e8b465ee728b)  -> (artifact id: '2fa9755b1f3fd5907037cac126e573f8') in 0.049939 seconds
Number of updated asset objects reloaded before import = 0
Number of asset objects unloaded after import = 12
========================================================================
Received Import Request.
  Time since last request: 0.000025 seconds.
  path: Assets/KayKit Mini-Game Variety Pack 1.2/Models/obj/barrierLadder.obj
  artifactKey: Guid(be92752a01749af40b7a11dec79ace2a) Importer(815301076,1909f56bfc062723c751e8b465ee728b)
Start importing Assets/KayKit Mini-Game Variety Pack 1.2/Models/obj/barrierLadder.obj using Guid(be92752a01749af40b7a11dec79ace2a) Importer(815301076,1909f56bfc062723c751e8b465ee728b)  -> (artifact id: 'f065687a98fc8d2547f7a9cc2bd5c617') in 0.035739 seconds
Number of updated asset objects reloaded before import = 0
Number of asset objects unloaded after import = 10
========================================================================
Received Import Request.
  Time since last request: 0.000022 seconds.
  path: Assets/KayKit Mini-Game Variety Pack 1.2/Models/obj/barrierMedium.obj
  artifactKey: Guid(45bc377ccc515f644924bcd87f663587) Importer(815301076,1909f56bfc062723c751e8b465ee728b)
Start importing Assets/KayKit Mini-Game Variety Pack 1.2/Models/obj/barrierMedium.obj using Guid(45bc377ccc515f644924bcd87f663587) Importer(815301076,1909f56bfc062723c751e8b465ee728b)  -> (artifact id: '21d2ef1a0d46e2b7f22f80285895b05b') in 0.034020 seconds
Number of updated asset objects reloaded before import = 0
Number of asset objects unloaded after import = 10
========================================================================
Received Import Request.
  Time since last request: 0.000027 seconds.
  path: Assets/KayKit Mini-Game Variety Pack 1.2/Models/obj/characer_duckHead.obj
  artifactKey: Guid(1f33ebe816bb2c840b7c31cfe205fab2) Importer(815301076,1909f56bfc062723c751e8b465ee728b)
Start importing Assets/KayKit Mini-Game Variety Pack 1.2/Models/obj/characer_duckHead.obj using Guid(1f33ebe816bb2c840b7c31cfe205fab2) Importer(815301076,1909f56bfc062723c751e8b465ee728b)  -> (artifact id: 'cd136bc844fb4b42ac60feef91a94053') in 0.032642 seconds
Number of updated asset objects reloaded before import = 0
Number of asset objects unloaded after import = 12
========================================================================
Received Import Request.
  Time since last request: 0.000039 seconds.
  path: Assets/KayKit Mini-Game Variety Pack 1.2/Models/obj/rocksA_forest.obj
  artifactKey: Guid(5f60a589f1bf9c345b48ee315944d207) Importer(815301076,1909f56bfc062723c751e8b465ee728b)
Start importing Assets/KayKit Mini-Game Variety Pack 1.2/Models/obj/rocksA_forest.obj using Guid(5f60a589f1bf9c345b48ee315944d207) Importer(815301076,1909f56bfc062723c751e8b465ee728b)  -> (artifact id: '3b83aec776023b531c8b71861c171b56') in 0.022841 seconds
Number of updated asset objects reloaded before import = 0
Number of asset objects unloaded after import = 10
========================================================================
Received Import Request.
  Time since last request: 0.000023 seconds.
  path: Assets/KayKit Mini-Game Variety Pack 1.2/Models/dae/ball.dae
  artifactKey: Guid(a5dfffcd3eb80e643ba9a1e015c921b2) Importer(815301076,1909f56bfc062723c751e8b465ee728b)
Start importing Assets/KayKit Mini-Game Variety Pack 1.2/Models/dae/ball.dae using Guid(a5dfffcd3eb80e643ba9a1e015c921b2) Importer(815301076,1909f56bfc062723c751e8b465ee728b)  -> (artifact id: '86d390ffd0d8968d68cbd950c264198b') in 0.029082 seconds
Number of updated asset objects reloaded before import = 0
Number of asset objects unloaded after import = 11
========================================================================
Received Import Request.
  Time since last request: 0.000022 seconds.
  path: Assets/KayKit Mini-Game Variety Pack 1.2/Models/obj/barrierLarge.obj
  artifactKey: Guid(8bf251c12748842468a68d5b02f2e4cc) Importer(815301076,1909f56bfc062723c751e8b465ee728b)
Start importing Assets/KayKit Mini-Game Variety Pack 1.2/Models/obj/barrierLarge.obj using Guid(8bf251c12748842468a68d5b02f2e4cc) Importer(815301076,1909f56bfc062723c751e8b465ee728b)  -> (artifact id: '460904b358b73eb855265ece51458867') in 0.020767 seconds
Number of updated asset objects reloaded before import = 0
Number of asset objects unloaded after import = 10
========================================================================
Received Import Request.
  Time since last request: 0.000021 seconds.
  path: Assets/KayKit Mini-Game Variety Pack 1.2/Models/obj/barrierStrut.obj
  artifactKey: Guid(3af42577823a6ac46a433fed37ae0b9a) Importer(815301076,1909f56bfc062723c751e8b465ee728b)
Start importing Assets/KayKit Mini-Game Variety Pack 1.2/Models/obj/barrierStrut.obj using Guid(3af42577823a6ac46a433fed37ae0b9a) Importer(815301076,1909f56bfc062723c751e8b465ee728b)  -> (artifact id: 'd035d3c0535ad61063bbecc6bfb51003') in 0.023100 seconds
Number of updated asset objects reloaded before import = 0
Number of asset objects unloaded after import = 10
========================================================================
Received Import Request.
  Time since last request: 0.000023 seconds.
  path: Assets/KayKit Mini-Game Variety Pack 1.2/Models/fbx/barrierStrut.fbx
  artifactKey: Guid(2b2bfded2ecc9444bbd14ebcd6f6bf78) Importer(815301076,1909f56bfc062723c751e8b465ee728b)
Start importing Assets/KayKit Mini-Game Variety Pack 1.2/Models/fbx/barrierStrut.fbx using Guid(2b2bfded2ecc9444bbd14ebcd6f6bf78) Importer(815301076,1909f56bfc062723c751e8b465ee728b)  -> (artifact id: '9c028d72fe45394e8342b3bcaad3595a') in 0.020111 seconds
Number of updated asset objects reloaded before import = 0
Number of asset objects unloaded after import = 8
========================================================================
Received Import Request.
  Time since last request: 0.000020 seconds.
  path: Assets/KayKit Mini-Game Variety Pack 1.2/Models/obj/hoop_teamBlue.obj
  artifactKey: Guid(9ec3de14775cf3c4ea2cdee3750ca774) Importer(815301076,1909f56bfc062723c751e8b465ee728b)
Start importing Assets/KayKit Mini-Game Variety Pack 1.2/Models/obj/hoop_teamBlue.obj using Guid(9ec3de14775cf3c4ea2cdee3750ca774) Importer(815301076,1909f56bfc062723c751e8b465ee728b)  -> (artifact id: 'f215a9cae228fd7499b5550b02fa57b3') in 0.025723 seconds
Number of updated asset objects reloaded before import = 0
Number of asset objects unloaded after import = 11
========================================================================
Received Import Request.
  Time since last request: 0.000019 seconds.
  path: Assets/KayKit Mini-Game Variety Pack 1.2/Models/dae/arrow_teamRed.dae
  artifactKey: Guid(9cc263b204ae48e44b2304ff1bec3370) Importer(815301076,1909f56bfc062723c751e8b465ee728b)
Start importing Assets/KayKit Mini-Game Variety Pack 1.2/Models/dae/arrow_teamRed.dae using Guid(9cc263b204ae48e44b2304ff1bec3370) Importer(815301076,1909f56bfc062723c751e8b465ee728b)  -> (artifact id: 'e6ecd3bfea357adf435634e116018c7b') in 0.025409 seconds
Number of updated asset objects reloaded before import = 0
Number of asset objects unloaded after import = 10
========================================================================
Received Import Request.
  Time since last request: 0.000021 seconds.
  path: Assets/KayKit Mini-Game Variety Pack 1.2/Models/obj/tileMedium_forest.obj
  artifactKey: Guid(7d26fdfa875757b448701b8878363a6a) Importer(815301076,1909f56bfc062723c751e8b465ee728b)
Start importing Assets/KayKit Mini-Game Variety Pack 1.2/Models/obj/tileMedium_forest.obj using Guid(7d26fdfa875757b448701b8878363a6a) Importer(815301076,1909f56bfc062723c751e8b465ee728b)  -> (artifact id: '2675ba482e4b7a16f9f6d4d9363e3143') in 0.024363 seconds
Number of updated asset objects reloaded before import = 0
Number of asset objects unloaded after import = 11
========================================================================
Received Import Request.
  Time since last request: 0.000019 seconds.
  path: Assets/KayKit Mini-Game Variety Pack 1.2/Models/dae/ball_teamBlue.dae
  artifactKey: Guid(992e3174522a3c0438e6254ecd2fe8db) Importer(815301076,1909f56bfc062723c751e8b465ee728b)
Start importing Assets/KayKit Mini-Game Variety Pack 1.2/Models/dae/ball_teamBlue.dae using Guid(992e3174522a3c0438e6254ecd2fe8db) Importer(815301076,1909f56bfc062723c751e8b465ee728b)  -> (artifact id: 'a7cdec0c2ccdd9f239ee7f1ac534a88e') in 0.020855 seconds
Number of updated asset objects reloaded before import = 0
Number of asset objects unloaded after import = 9
========================================================================
Received Import Request.
  Time since last request: 0.000026 seconds.
  path: Assets/KayKit Mini-Game Variety Pack 1.2/Models/obj/tileLarge_teamBlue.obj
  artifactKey: Guid(9aa352219582b6f45a818eaf8d49a949) Importer(815301076,1909f56bfc062723c751e8b465ee728b)
Start importing Assets/KayKit Mini-Game Variety Pack 1.2/Models/obj/tileLarge_teamBlue.obj using Guid(9aa352219582b6f45a818eaf8d49a949) Importer(815301076,1909f56bfc062723c751e8b465ee728b)  -> (artifact id: '6e79bcd05ef10e944d4e6ae6c49cc4b3') in 0.024931 seconds
Number of updated asset objects reloaded before import = 0
Number of asset objects unloaded after import = 11
========================================================================
Received Import Request.
  Time since last request: 0.000038 seconds.
  path: Assets/KayKit Mini-Game Variety Pack 1.2/Models/obj/heart_teamRed.obj
  artifactKey: Guid(62db401690edf6741856762b5884ced5) Importer(815301076,1909f56bfc062723c751e8b465ee728b)
Start importing Assets/KayKit Mini-Game Variety Pack 1.2/Models/obj/heart_teamRed.obj using Guid(62db401690edf6741856762b5884ced5) Importer(815301076,1909f56bfc062723c751e8b465ee728b)  -> (artifact id: '246e3357d06f6ad43b3afeb62b512cb8') in 0.031765 seconds
Number of updated asset objects reloaded before import = 0
Number of asset objects unloaded after import = 10
========================================================================
Received Import Request.
  Time since last request: 0.000021 seconds.
  path: Assets/KayKit Mini-Game Variety Pack 1.2/Models/obj/tileSmall_forest.obj
  artifactKey: Guid(c7da3707f35f12e4ab1db07ed5d5f2b5) Importer(815301076,1909f56bfc062723c751e8b465ee728b)
Start importing Assets/KayKit Mini-Game Variety Pack 1.2/Models/obj/tileSmall_forest.obj using Guid(c7da3707f35f12e4ab1db07ed5d5f2b5) Importer(815301076,1909f56bfc062723c751e8b465ee728b)  -> (artifact id: 'fdbacfb79537d3971b18f2323bb676e4') in 0.031750 seconds
Number of updated asset objects reloaded before import = 0
Number of asset objects unloaded after import = 11
========================================================================
Received Import Request.
  Time since last request: 0.000028 seconds.
  path: Assets/KayKit Mini-Game Variety Pack 1.2/Models/fbx/ball.fbx
  artifactKey: Guid(0c592dd17a5d23548b195b66058175aa) Importer(815301076,1909f56bfc062723c751e8b465ee728b)
Start importing Assets/KayKit Mini-Game Variety Pack 1.2/Models/fbx/ball.fbx using Guid(0c592dd17a5d23548b195b66058175aa) Importer(815301076,1909f56bfc062723c751e8b465ee728b)  -> (artifact id: '5408310fcd20b567ae7ea4c6132ab7ff') in 0.038125 seconds
Number of updated asset objects reloaded before import = 0
Number of asset objects unloaded after import = 11
========================================================================
Received Import Request.
  Time since last request: 0.000020 seconds.
  path: Assets/KayKit Mini-Game Variety Pack 1.2/Models/dae/barrierLadder.dae
  artifactKey: Guid(f31833348a50153448db5e44afb69292) Importer(815301076,1909f56bfc062723c751e8b465ee728b)
Start importing Assets/KayKit Mini-Game Variety Pack 1.2/Models/dae/barrierLadder.dae using Guid(f31833348a50153448db5e44afb69292) Importer(815301076,1909f56bfc062723c751e8b465ee728b)  -> (artifact id: '56b444dc87482222b91485d2b11cfc76') in 0.023164 seconds
Number of updated asset objects reloaded before import = 0
Number of asset objects unloaded after import = 8
========================================================================
Received Import Request.
  Time since last request: 0.000027 seconds.
  path: Assets/KayKit Mini-Game Variety Pack 1.2/Models/fbx/arrow_teamYellow.fbx
  artifactKey: Guid(134ec23f56b975941ab0043c0724c015) Importer(815301076,1909f56bfc062723c751e8b465ee728b)
Start importing Assets/KayKit Mini-Game Variety Pack 1.2/Models/fbx/arrow_teamYellow.fbx using Guid(134ec23f56b975941ab0043c0724c015) Importer(815301076,1909f56bfc062723c751e8b465ee728b)  -> (artifact id: '12aef313848a4f1e553ab38fa7f4b54b') in 0.031629 seconds
Number of updated asset objects reloaded before import = 0
Number of asset objects unloaded after import = 10
========================================================================
Received Import Request.
  Time since last request: 0.000025 seconds.
  path: Assets/KayKit Mini-Game Variety Pack 1.2/Models/dae/arrow_teamYellow.dae
  artifactKey: Guid(fdaaf16cb4a00464c80f167a53e6f66a) Importer(815301076,1909f56bfc062723c751e8b465ee728b)
Start importing Assets/KayKit Mini-Game Variety Pack 1.2/Models/dae/arrow_teamYellow.dae using Guid(fdaaf16cb4a00464c80f167a53e6f66a) Importer(815301076,1909f56bfc062723c751e8b465ee728b)  -> (artifact id: 'a54de4c424d21ea67d8532e6bf9322be') in 0.031318 seconds
Number of updated asset objects reloaded before import = 0
Number of asset objects unloaded after import = 10
========================================================================
Received Import Request.
  Time since last request: 0.000025 seconds.
  path: Assets/KayKit Mini-Game Variety Pack 1.2/Models/obj/arrow_teamYellow.obj
  artifactKey: Guid(c3e811c345a8cbd43a5aedc94217502d) Importer(815301076,1909f56bfc062723c751e8b465ee728b)
Start importing Assets/KayKit Mini-Game Variety Pack 1.2/Models/obj/arrow_teamYellow.obj using Guid(c3e811c345a8cbd43a5aedc94217502d) Importer(815301076,1909f56bfc062723c751e8b465ee728b)  -> (artifact id: '520e8f9528b73b22446346aae28a15fe') in 0.047699 seconds
Number of updated asset objects reloaded before import = 0
Number of asset objects unloaded after import = 12
========================================================================
Received Import Request.
  Time since last request: 0.000029 seconds.
  path: Assets/KayKit Mini-Game Variety Pack 1.2/Models/obj/blaster_teamRed.obj
  artifactKey: Guid(f6e17b8d28f162c4899b53bdb304660e) Importer(815301076,1909f56bfc062723c751e8b465ee728b)
Start importing Assets/KayKit Mini-Game Variety Pack 1.2/Models/obj/blaster_teamRed.obj using Guid(f6e17b8d28f162c4899b53bdb304660e) Importer(815301076,1909f56bfc062723c751e8b465ee728b)  -> (artifact id: 'ab25754e89266ac4aaa65dd9c84478c1') in 0.040422 seconds
Number of updated asset objects reloaded before import = 0
Number of asset objects unloaded after import = 11
========================================================================
Received Import Request.
  Time since last request: 0.000038 seconds.
  path: Assets/KayKit Mini-Game Variety Pack 1.2/Models/dae/barrierStrut.dae
  artifactKey: Guid(80f5bf3d0806dab488a1bfec35baf907) Importer(815301076,1909f56bfc062723c751e8b465ee728b)
Start importing Assets/KayKit Mini-Game Variety Pack 1.2/Models/dae/barrierStrut.dae using Guid(80f5bf3d0806dab488a1bfec35baf907) Importer(815301076,1909f56bfc062723c751e8b465ee728b)  -> (artifact id: '950618102a6c4cf6db289e612d2301b7') in 0.026513 seconds
Number of updated asset objects reloaded before import = 0
Number of asset objects unloaded after import = 8
========================================================================
Received Import Request.
  Time since last request: 0.000026 seconds.
  path: Assets/KayKit Mini-Game Variety Pack 1.2/Models/fbx/barrierMedium.fbx
  artifactKey: Guid(e47993eb3b664ad42b0cca9afd9b4575) Importer(815301076,1909f56bfc062723c751e8b465ee728b)
Start importing Assets/KayKit Mini-Game Variety Pack 1.2/Models/fbx/barrierMedium.fbx using Guid(e47993eb3b664ad42b0cca9afd9b4575) Importer(815301076,1909f56bfc062723c751e8b465ee728b)  -> (artifact id: '1f5227e97cfd57e7260cbe5e33419bca') in 0.023506 seconds
Number of updated asset objects reloaded before import = 0
Number of asset objects unloaded after import = 8
========================================================================
Received Import Request.
  Time since last request: 0.000020 seconds.
  path: Assets/KayKit Mini-Game Variety Pack 1.2/Models/obj/flag_teamRed.obj
  artifactKey: Guid(5d2b5fa5eeb68014da51d5baa4c44c3d) Importer(815301076,1909f56bfc062723c751e8b465ee728b)
Start importing Assets/KayKit Mini-Game Variety Pack 1.2/Models/obj/flag_teamRed.obj using Guid(5d2b5fa5eeb68014da51d5baa4c44c3d) Importer(815301076,1909f56bfc062723c751e8b465ee728b)  -> (artifact id: '2d9dcd8a73f255f11bbee6bc5498f49b') in 0.031361 seconds
Number of updated asset objects reloaded before import = 0
Number of asset objects unloaded after import = 12
========================================================================
Received Import Request.
  Time since last request: 0.000024 seconds.
  path: Assets/KayKit Mini-Game Variety Pack 1.2/Models/obj/character_bear.obj
  artifactKey: Guid(2031c98cee9249245a16d3aa323db756) Importer(815301076,1909f56bfc062723c751e8b465ee728b)
Start importing Assets/KayKit Mini-Game Variety Pack 1.2/Models/obj/character_bear.obj using Guid(2031c98cee9249245a16d3aa323db756) Importer(815301076,1909f56bfc062723c751e8b465ee728b)  -> (artifact id: '56bd0ed50c4369668b7e4bb5691f7114') in 0.024680 seconds
Number of updated asset objects reloaded before import = 0
Number of asset objects unloaded after import = 10
========================================================================
Received Import Request.
  Time since last request: 0.000017 seconds.
  path: Assets/KayKit Mini-Game Variety Pack 1.2/Models/dae/barrierMedium.dae
  artifactKey: Guid(47c50888b08cf254e93095268fd5641c) Importer(815301076,1909f56bfc062723c751e8b465ee728b)
Start importing Assets/KayKit Mini-Game Variety Pack 1.2/Models/dae/barrierMedium.dae using Guid(47c50888b08cf254e93095268fd5641c) Importer(815301076,1909f56bfc062723c751e8b465ee728b)  -> (artifact id: '4fdd73d1913a68fff573107b441735f2') in 0.021252 seconds
Number of updated asset objects reloaded before import = 0
Number of asset objects unloaded after import = 8
========================================================================
Received Import Request.
  Time since last request: 9.811110 seconds.
  path: Assets/KayKit Mini-Game Variety Pack 1.2/Models/fbx/detail_desert.fbx
  artifactKey: Guid(192dd02f1db921d43ba482e619fd15a9) Importer(815301076,1909f56bfc062723c751e8b465ee728b)
Start importing Assets/KayKit Mini-Game Variety Pack 1.2/Models/fbx/detail_desert.fbx using Guid(192dd02f1db921d43ba482e619fd15a9) Importer(815301076,1909f56bfc062723c751e8b465ee728b)  -> (artifact id: '6d030df1a6eb5837ceafd8833a2a08de') in 0.026279 seconds
Number of updated asset objects reloaded before import = 0
Number of asset objects unloaded after import = 9
========================================================================
Received Import Request.
  Time since last request: 0.004800 seconds.
  path: Assets/KayKit Mini-Game Variety Pack 1.2/Models/fbx/gateSmall_teamRed.fbx
  artifactKey: Guid(614a96e13d3df2d4f94a6e672a91bd1c) Importer(815301076,1909f56bfc062723c751e8b465ee728b)
Start importing Assets/KayKit Mini-Game Variety Pack 1.2/Models/fbx/gateSmall_teamRed.fbx using Guid(614a96e13d3df2d4f94a6e672a91bd1c) Importer(815301076,1909f56bfc062723c751e8b465ee728b)  -> (artifact id: '1de4b2b0fbb9d8b257e276954a3e042b') in 0.024488 seconds
Number of updated asset objects reloaded before import = 0
Number of asset objects unloaded after import = 8
========================================================================
Received Import Request.
  Time since last request: 0.001800 seconds.
  path: Assets/KayKit Mini-Game Variety Pack 1.2/Models/fbx/gateSmallWide_teamBlue.fbx
  artifactKey: Guid(b5493d1c5d2dc694d9ed61dec3592a7f) Importer(815301076,1909f56bfc062723c751e8b465ee728b)
Start importing Assets/KayKit Mini-Game Variety Pack 1.2/Models/fbx/gateSmallWide_teamBlue.fbx using Guid(b5493d1c5d2dc694d9ed61dec3592a7f) Importer(815301076,1909f56bfc062723c751e8b465ee728b)  -> (artifact id: '7c90b6098a3bbf01b88698be03aa075a') in 0.020752 seconds
Number of updated asset objects reloaded before import = 0
Number of asset objects unloaded after import = 8
========================================================================
Received Import Request.
  Time since last request: 0.005077 seconds.
  path: Assets/KayKit Mini-Game Variety Pack 1.2/Models/dae/gateSmallWide_teamYellow.dae
  artifactKey: Guid(e978c242e30b9f1418581ad70fd92838) Importer(815301076,1909f56bfc062723c751e8b465ee728b)
Start importing Assets/KayKit Mini-Game Variety Pack 1.2/Models/dae/gateSmallWide_teamYellow.dae using Guid(e978c242e30b9f1418581ad70fd92838) Importer(815301076,1909f56bfc062723c751e8b465ee728b)  -> (artifact id: 'fdb63bbccbc6c1afc557f6e5ddb6aad3') in 0.022698 seconds
Number of updated asset objects reloaded before import = 0
Number of asset objects unloaded after import = 8
========================================================================
Received Import Request.
  Time since last request: 0.006380 seconds.
  path: Assets/KayKit Mini-Game Variety Pack 1.2/Models/fbx/plantA_forest.fbx
  artifactKey: Guid(937cffda79389a14cb3d92088c1fa423) Importer(815301076,1909f56bfc062723c751e8b465ee728b)
Start importing Assets/KayKit Mini-Game Variety Pack 1.2/Models/fbx/plantA_forest.fbx using Guid(937cffda79389a14cb3d92088c1fa423) Importer(815301076,1909f56bfc062723c751e8b465ee728b)  -> (artifact id: '1100fe94337a155251bd02b26da74d41') in 0.021872 seconds
Number of updated asset objects reloaded before import = 0
Number of asset objects unloaded after import = 8
========================================================================
Received Import Request.
  Time since last request: 0.004865 seconds.
  path: Assets/KayKit Mini-Game Variety Pack 1.2/Models/dae/plantB_forest.dae
  artifactKey: Guid(9183a30bc78a7bb4d8e4baeea7196ab3) Importer(815301076,1909f56bfc062723c751e8b465ee728b)
Start importing Assets/KayKit Mini-Game Variety Pack 1.2/Models/dae/plantB_forest.dae using Guid(9183a30bc78a7bb4d8e4baeea7196ab3) Importer(815301076,1909f56bfc062723c751e8b465ee728b)  -> (artifact id: 'c8e607ff4fe097f55de8581ce4fa2d7f') in 0.025215 seconds
Number of updated asset objects reloaded before import = 0
Number of asset objects unloaded after import = 8
========================================================================
Received Import Request.
  Time since last request: 0.002498 seconds.
  path: Assets/KayKit Mini-Game Variety Pack 1.2/Models/dae/rocksA_forest.dae
  artifactKey: Guid(fc7d049bc0717f14d8a0ea1cbeb59db3) Importer(815301076,1909f56bfc062723c751e8b465ee728b)
Start importing Assets/KayKit Mini-Game Variety Pack 1.2/Models/dae/rocksA_forest.dae using Guid(fc7d049bc0717f14d8a0ea1cbeb59db3) Importer(815301076,1909f56bfc062723c751e8b465ee728b)  -> (artifact id: 'c5881cd3875db31e6d6f4f4a77cfe4f9') in 0.023011 seconds
Number of updated asset objects reloaded before import = 0
Number of asset objects unloaded after import = 8
========================================================================
Received Import Request.
  Time since last request: 0.003704 seconds.
  path: Assets/KayKit Mini-Game Variety Pack 1.2/Models/fbx/rocksB_forest.fbx
  artifactKey: Guid(67ee1263f84a62a47ae12d84cf1c68a5) Importer(815301076,1909f56bfc062723c751e8b465ee728b)
Start importing Assets/KayKit Mini-Game Variety Pack 1.2/Models/fbx/rocksB_forest.fbx using Guid(67ee1263f84a62a47ae12d84cf1c68a5) Importer(815301076,1909f56bfc062723c751e8b465ee728b)  -> (artifact id: '97d3696882a577c8f33c122c16853029') in 0.022817 seconds
Number of updated asset objects reloaded before import = 0
Number of asset objects unloaded after import = 8
========================================================================
Received Import Request.
  Time since last request: 0.003979 seconds.
  path: Assets/KayKit Mini-Game Variety Pack 1.2/Models/fbx/slingshot_teamRed.fbx
  artifactKey: Guid(e0dec510543cef6448894039982cc6e1) Importer(815301076,1909f56bfc062723c751e8b465ee728b)
Start importing Assets/KayKit Mini-Game Variety Pack 1.2/Models/fbx/slingshot_teamRed.fbx using Guid(e0dec510543cef6448894039982cc6e1) Importer(815301076,1909f56bfc062723c751e8b465ee728b)  -> (artifact id: 'ae4cfd76b7ba3b8cc93470a01768a8e8') in 0.028749 seconds
Number of updated asset objects reloaded before import = 0
Number of asset objects unloaded after import = 9
========================================================================
Received Import Request.
  Time since last request: 0.000418 seconds.
  path: Assets/KayKit Mini-Game Variety Pack 1.2/Models/fbx/spikeRoller.fbx
  artifactKey: Guid(915d66c1fa05b4944a4c92bee73e8106) Importer(815301076,1909f56bfc062723c751e8b465ee728b)
Start importing Assets/KayKit Mini-Game Variety Pack 1.2/Models/fbx/spikeRoller.fbx using Guid(915d66c1fa05b4944a4c92bee73e8106) Importer(815301076,1909f56bfc062723c751e8b465ee728b)  -> (artifact id: '6d92a8ed9eca9d22fd46e9c08aaca652') in 0.039329 seconds
Number of updated asset objects reloaded before import = 0
Number of asset objects unloaded after import = 10
========================================================================
Received Import Request.
  Time since last request: 20.207252 seconds.
  path: Assets/KayKit Mini-Game Variety Pack 1.2/Models/fbx/powerupBlock_teamBlue.fbx
  artifactKey: Guid(3e2a39be6e923f94188afb6580c68087) Importer(815301076,1909f56bfc062723c751e8b465ee728b)
Start importing Assets/KayKit Mini-Game Variety Pack 1.2/Models/fbx/powerupBlock_teamBlue.fbx using Guid(3e2a39be6e923f94188afb6580c68087) Importer(815301076,1909f56bfc062723c751e8b465ee728b)  -> (artifact id: 'd2614643243e943a15efb51c75a8c0f4') in 0.026543 seconds
Number of updated asset objects reloaded before import = 0
Number of asset objects unloaded after import = 9
========================================================================
Received Import Request.
  Time since last request: 0.000022 seconds.
  path: Assets/KayKit Mini-Game Variety Pack 1.2/Models/fbx/powerupBlock_teamYellow.fbx
  artifactKey: Guid(700f972f5b19df342a807954d2a48814) Importer(815301076,1909f56bfc062723c751e8b465ee728b)
Start importing Assets/KayKit Mini-Game Variety Pack 1.2/Models/fbx/powerupBlock_teamYellow.fbx using Guid(700f972f5b19df342a807954d2a48814) Importer(815301076,1909f56bfc062723c751e8b465ee728b)  -> (artifact id: 'fa789cc0f149ab404c365206c1c80396') in 0.134052 seconds
Number of updated asset objects reloaded before import = 0
Number of asset objects unloaded after import = 9
========================================================================
Received Prepare
Begin MonoManager ReloadAssembly
- Loaded All Assemblies, in  0.585 seconds
Refreshing native plugins compatible for Editor in 4.99 ms, found 3 plugins.
Native extension for WindowsStandalone target not found
[Package Manager] Server::EnsureServerProcessIsRunning -- launch failed, reason: Unity was launched with the -noUpm command-line argument
[Package Manager] UpmClient::Send -- Unable to send message (not connected to UPM process).
[Package Manager] Cannot connect to Unity Package Manager local server
Mono: successfully reloaded assembly
- Finished resetting the current domain, in  1.285 seconds
Domain Reload Profiling: 1867ms
	BeginReloadAssembly (215ms)
		ExecutionOrderSort (0ms)
		DisableScriptedObjects (8ms)
		BackupInstance (0ms)
		ReleaseScriptingObjects (0ms)
		CreateAndSetChildDomain (43ms)
	RebuildCommonClasses (30ms)
	RebuildNativeTypeToScriptingClass (9ms)
	initialDomainReloadingComplete (47ms)
	LoadAllAssembliesAndSetupDomain (281ms)
		LoadAssemblies (389ms)
		RebuildTransferFunctionScriptingTraits (0ms)
		AnalyzeDomain (17ms)
			TypeCache.Refresh (8ms)
				TypeCache.ScanAssembly (0ms)
			ScanForSourceGeneratedMonoScriptInfo (0ms)
			ResolveRequiredComponents (6ms)
	FinalizeReload (1286ms)
		ReleaseScriptCaches (0ms)
		RebuildScriptCaches (0ms)
		SetupLoadedEditorAssemblies (656ms)
			LogAssemblyErrors (0ms)
			InitializePlatformSupportModulesInManaged (10ms)
			SetLoadedEditorAssemblies (5ms)
			RefreshPlugins (0ms)
			BeforeProcessingInitializeOnLoad (83ms)
			ProcessInitializeOnLoadAttributes (505ms)
			ProcessInitializeOnLoadMethodAttributes (38ms)
			AfterProcessingInitializeOnLoad (14ms)
			EditorAssembliesLoaded (0ms)
		ExecutionOrderSort2 (0ms)
		AwakeInstancesAfterBackupRestoration (13ms)
Refreshing native plugins compatible for Editor in 6.50 ms, found 3 plugins.
Preloading 0 native plugins for Editor in 0.00 ms.
Unloading 3085 Unused Serialized files (Serialized files now loaded: 0)
Unloading 23 unused Assets / (31.1 KB). Loaded Objects now: 3624.
Memory consumption went from 143.4 MB to 143.3 MB.
Total: 3.660870 ms (FindLiveObjects: 0.327905 ms CreateObjectMapping: 0.202400 ms MarkObjects: 3.060026 ms  DeleteObjects: 0.064184 ms)

Prepare: number of updated asset objects reloaded= 0
AssetImportParameters requested are different than current active one (requested -> active):
  custom:container-demuxer-ogg: 62fdf1f143b41e24485cea50d1cbac27 -> 
  custom:video-decoder-ogg-theora: a1e56fd34408186e4bbccfd4996cb3dc -> 
  custom:framework-win-MediaFoundation: 216162199b28c13a410421893ffa2e32 -> 
  custom:CustomObjectIndexerAttribute: 6d391050e5a25f67b0a2c618074f2cd9 -> 
  custom:container-demuxer-webm: 4f35f7cbe854078d1ac9338744f61a02 -> 
  custom:container-muxer-webm: aa71ff27fc2769a1b78a27578f13a17b -> 
  custom:video-decoder-webm-vp8: 9c59270c3fd7afecdb556c50c9e8de78 -> 
  custom:SearchIndexIgnoredProperties: e643bd26f0fe6173181afceb89e7c659 -> 
  custom:AudioImporter_EditorPlatform: d09bf68614088b80899f8185d706f6e7 -> 
  custom:video-encoder-webm-vp8: eb34c28f22e8b96e1ab97ce403110664 -> 
  custom:audio-decoder-ogg-vorbis: bf7c407c2cedff20999df2af8eb42d56 -> 
  custom:audio-encoder-webm-vorbis: bf7c407c2cedff20999df2af8eb42d56 -> 
========================================================================
Received Import Request.
  Time since last request: 28.406451 seconds.
  path: Assets/KayKit Mini-Game Variety Pack 1.2/Models/dae/tileSlopeMediumHigh_forest.dae
  artifactKey: Guid(7213744245044bd468e30b1b6400bc03) Importer(815301076,1909f56bfc062723c751e8b465ee728b)
Start importing Assets/KayKit Mini-Game Variety Pack 1.2/Models/dae/tileSlopeMediumHigh_forest.dae using Guid(7213744245044bd468e30b1b6400bc03) Importer(815301076,1909f56bfc062723c751e8b465ee728b)  -> (artifact id: '1264fa8cfa60d254e26f9e3c1af9ae5f') in 0.175520 seconds
Number of updated asset objects reloaded before import = 0
Number of asset objects unloaded after import = 9
========================================================================
Received Import Request.
  Time since last request: 0.000026 seconds.
  path: Assets/KayKit Mini-Game Variety Pack 1.2/Models/dae/tileSmall_teamYellow.dae
  artifactKey: Guid(613790db5ddd5734b86c4e05369767b7) Importer(815301076,1909f56bfc062723c751e8b465ee728b)
Start importing Assets/KayKit Mini-Game Variety Pack 1.2/Models/dae/tileSmall_teamYellow.dae using Guid(613790db5ddd5734b86c4e05369767b7) Importer(815301076,1909f56bfc062723c751e8b465ee728b)  -> (artifact id: 'c60a4732d4fed120f7ecbeb0aae999f4') in 0.082113 seconds
Number of updated asset objects reloaded before import = 0
Number of asset objects unloaded after import = 9
========================================================================
Received Import Request.
  Time since last request: 0.000037 seconds.
  path: Assets/KayKit Mini-Game Variety Pack 1.2/Models/dae/tileSlopeMediumHigh_teamYellow.dae
  artifactKey: Guid(bcaa4e0431d79ed449259938a9863839) Importer(815301076,1909f56bfc062723c751e8b465ee728b)
Start importing Assets/KayKit Mini-Game Variety Pack 1.2/Models/dae/tileSlopeMediumHigh_teamYellow.dae using Guid(bcaa4e0431d79ed449259938a9863839) Importer(815301076,1909f56bfc062723c751e8b465ee728b)  -> (artifact id: 'c7fe77ef5ebef2dadc6ec9a9cee62dc1') in 0.057697 seconds
Number of updated asset objects reloaded before import = 0
Number of asset objects unloaded after import = 9
========================================================================
Received Import Request.
  Time since last request: 0.000023 seconds.
  path: Assets/KayKit Mini-Game Variety Pack 1.2/Models/fbx/tree_desert.fbx
  artifactKey: Guid(ccc24f346438b9a469917b166357d4d3) Importer(815301076,1909f56bfc062723c751e8b465ee728b)
Start importing Assets/KayKit Mini-Game Variety Pack 1.2/Models/fbx/tree_desert.fbx using Guid(ccc24f346438b9a469917b166357d4d3) Importer(815301076,1909f56bfc062723c751e8b465ee728b)  -> (artifact id: '6252435ca64ff7d969c679c5110c507e') in 0.023918 seconds
Number of updated asset objects reloaded before import = 0
Number of asset objects unloaded after import = 8
========================================================================
Received Import Request.
  Time since last request: 0.000028 seconds.
  path: Assets/KayKit Mini-Game Variety Pack 1.2/Models/fbx/tileSmall_teamYellow.fbx
  artifactKey: Guid(4077a1e51618f5a41986778b9fc5e77f) Importer(815301076,1909f56bfc062723c751e8b465ee728b)
Start importing Assets/KayKit Mini-Game Variety Pack 1.2/Models/fbx/tileSmall_teamYellow.fbx using Guid(4077a1e51618f5a41986778b9fc5e77f) Importer(815301076,1909f56bfc062723c751e8b465ee728b)  -> (artifact id: 'e0fcc103ff6efe34fd10e63ae7941ea2') in 0.027993 seconds
Number of updated asset objects reloaded before import = 0
Number of asset objects unloaded after import = 9
========================================================================
Received Import Request.
  Time since last request: 0.000025 seconds.
  path: Assets/KayKit Mini-Game Variety Pack 1.2/Models/dae/tileSmall_teamBlue.dae
  artifactKey: Guid(ce5fdb2d1c6101b4fae60c91f5d24550) Importer(815301076,1909f56bfc062723c751e8b465ee728b)
Start importing Assets/KayKit Mini-Game Variety Pack 1.2/Models/dae/tileSmall_teamBlue.dae using Guid(ce5fdb2d1c6101b4fae60c91f5d24550) Importer(815301076,1909f56bfc062723c751e8b465ee728b)  -> (artifact id: '5368d263848c26109db38d96c28d564b') in 0.022908 seconds
Number of updated asset objects reloaded before import = 0
Number of asset objects unloaded after import = 9
========================================================================
Received Prepare
Begin MonoManager ReloadAssembly
- Loaded All Assemblies, in  0.534 seconds
Refreshing native plugins compatible for Editor in 5.39 ms, found 3 plugins.
Native extension for WindowsStandalone target not found
[Package Manager] Server::EnsureServerProcessIsRunning -- launch failed, reason: Unity was launched with the -noUpm command-line argument
[Package Manager] UpmClient::Send -- Unable to send message (not connected to UPM process).
[Package Manager] Cannot connect to Unity Package Manager local server
Mono: successfully reloaded assembly
- Finished resetting the current domain, in  1.215 seconds
Domain Reload Profiling: 1746ms
	BeginReloadAssembly (199ms)
		ExecutionOrderSort (0ms)
		DisableScriptedObjects (8ms)
		BackupInstance (0ms)
		ReleaseScriptingObjects (0ms)
		CreateAndSetChildDomain (38ms)
	RebuildCommonClasses (38ms)
	RebuildNativeTypeToScriptingClass (9ms)
	initialDomainReloadingComplete (42ms)
	LoadAllAssembliesAndSetupDomain (242ms)
		LoadAssemblies (343ms)
		RebuildTransferFunctionScriptingTraits (0ms)
		AnalyzeDomain (14ms)
			TypeCache.Refresh (5ms)
				TypeCache.ScanAssembly (0ms)
			ScanForSourceGeneratedMonoScriptInfo (0ms)
			ResolveRequiredComponents (7ms)
	FinalizeReload (1216ms)
		ReleaseScriptCaches (0ms)
		RebuildScriptCaches (0ms)
		SetupLoadedEditorAssemblies (611ms)
			LogAssemblyErrors (0ms)
			InitializePlatformSupportModulesInManaged (10ms)
			SetLoadedEditorAssemblies (5ms)
			RefreshPlugins (0ms)
			BeforeProcessingInitializeOnLoad (84ms)
			ProcessInitializeOnLoadAttributes (464ms)
			ProcessInitializeOnLoadMethodAttributes (35ms)
			AfterProcessingInitializeOnLoad (13ms)
			EditorAssembliesLoaded (0ms)
		ExecutionOrderSort2 (0ms)
		AwakeInstancesAfterBackupRestoration (12ms)
Refreshing native plugins compatible for Editor in 5.50 ms, found 3 plugins.
Preloading 0 native plugins for Editor in 0.00 ms.
Unloading 3085 Unused Serialized files (Serialized files now loaded: 0)
Unloading 23 unused Assets / (31.1 KB). Loaded Objects now: 3627.
Memory consumption went from 145.3 MB to 145.3 MB.
Total: 3.019588 ms (FindLiveObjects: 0.297803 ms CreateObjectMapping: 0.222375 ms MarkObjects: 2.421816 ms  DeleteObjects: 0.056502 ms)

Prepare: number of updated asset objects reloaded= 0
AssetImportParameters requested are different than current active one (requested -> active):
  custom:container-demuxer-ogg: 62fdf1f143b41e24485cea50d1cbac27 -> 
  custom:video-decoder-ogg-theora: a1e56fd34408186e4bbccfd4996cb3dc -> 
  custom:framework-win-MediaFoundation: 216162199b28c13a410421893ffa2e32 -> 
  custom:CustomObjectIndexerAttribute: 6d391050e5a25f67b0a2c618074f2cd9 -> 
  custom:container-demuxer-webm: 4f35f7cbe854078d1ac9338744f61a02 -> 
  custom:container-muxer-webm: aa71ff27fc2769a1b78a27578f13a17b -> 
  custom:video-decoder-webm-vp8: 9c59270c3fd7afecdb556c50c9e8de78 -> 
  custom:SearchIndexIgnoredProperties: e643bd26f0fe6173181afceb89e7c659 -> 
  custom:AudioImporter_EditorPlatform: d09bf68614088b80899f8185d706f6e7 -> 
  custom:video-encoder-webm-vp8: eb34c28f22e8b96e1ab97ce403110664 -> 
  custom:audio-decoder-ogg-vorbis: bf7c407c2cedff20999df2af8eb42d56 -> 
  custom:audio-encoder-webm-vorbis: bf7c407c2cedff20999df2af8eb42d56 -> 
========================================================================
Received Prepare
Begin MonoManager ReloadAssembly
- Loaded All Assemblies, in  0.539 seconds
Refreshing native plugins compatible for Editor in 4.55 ms, found 3 plugins.
Native extension for WindowsStandalone target not found
[Package Manager] Server::EnsureServerProcessIsRunning -- launch failed, reason: Unity was launched with the -noUpm command-line argument
[Package Manager] UpmClient::Send -- Unable to send message (not connected to UPM process).
[Package Manager] Cannot connect to Unity Package Manager local server
Mono: successfully reloaded assembly
- Finished resetting the current domain, in  1.219 seconds
Domain Reload Profiling: 1754ms
	BeginReloadAssembly (209ms)
		ExecutionOrderSort (0ms)
		DisableScriptedObjects (10ms)
		BackupInstance (0ms)
		ReleaseScriptingObjects (0ms)
		CreateAndSetChildDomain (37ms)
	RebuildCommonClasses (28ms)
	RebuildNativeTypeToScriptingClass (9ms)
	initialDomainReloadingComplete (44ms)
	LoadAllAssembliesAndSetupDomain (244ms)
		LoadAssemblies (353ms)
		RebuildTransferFunctionScriptingTraits (0ms)
		AnalyzeDomain (14ms)
			TypeCache.Refresh (6ms)
				TypeCache.ScanAssembly (0ms)
			ScanForSourceGeneratedMonoScriptInfo (0ms)
			ResolveRequiredComponents (7ms)
	FinalizeReload (1220ms)
		ReleaseScriptCaches (0ms)
		RebuildScriptCaches (0ms)
		SetupLoadedEditorAssemblies (615ms)
			LogAssemblyErrors (0ms)
			InitializePlatformSupportModulesInManaged (10ms)
			SetLoadedEditorAssemblies (6ms)
			RefreshPlugins (0ms)
			BeforeProcessingInitializeOnLoad (88ms)
			ProcessInitializeOnLoadAttributes (462ms)
			ProcessInitializeOnLoadMethodAttributes (36ms)
			AfterProcessingInitializeOnLoad (13ms)
			EditorAssembliesLoaded (0ms)
		ExecutionOrderSort2 (0ms)
		AwakeInstancesAfterBackupRestoration (12ms)
Refreshing native plugins compatible for Editor in 4.64 ms, found 3 plugins.
Preloading 0 native plugins for Editor in 0.00 ms.
Unloading 3086 Unused Serialized files (Serialized files now loaded: 0)
Unloading 23 unused Assets / (31.1 KB). Loaded Objects now: 3630.
Memory consumption went from 147.5 MB to 147.5 MB.
Total: 2.727511 ms (FindLiveObjects: 0.241302 ms CreateObjectMapping: 0.165873 ms MarkObjects: 2.250216 ms  DeleteObjects: 0.062508 ms)

Prepare: number of updated asset objects reloaded= 0
AssetImportParameters requested are different than current active one (requested -> active):
  custom:container-demuxer-ogg: 62fdf1f143b41e24485cea50d1cbac27 -> 
  custom:video-decoder-ogg-theora: a1e56fd34408186e4bbccfd4996cb3dc -> 
  custom:framework-win-MediaFoundation: 216162199b28c13a410421893ffa2e32 -> 
  custom:CustomObjectIndexerAttribute: 6d391050e5a25f67b0a2c618074f2cd9 -> 
  custom:container-demuxer-webm: 4f35f7cbe854078d1ac9338744f61a02 -> 
  custom:container-muxer-webm: aa71ff27fc2769a1b78a27578f13a17b -> 
  custom:video-decoder-webm-vp8: 9c59270c3fd7afecdb556c50c9e8de78 -> 
  custom:SearchIndexIgnoredProperties: e643bd26f0fe6173181afceb89e7c659 -> 
  custom:AudioImporter_EditorPlatform: d09bf68614088b80899f8185d706f6e7 -> 
  custom:video-encoder-webm-vp8: eb34c28f22e8b96e1ab97ce403110664 -> 
  custom:audio-decoder-ogg-vorbis: bf7c407c2cedff20999df2af8eb42d56 -> 
  custom:audio-encoder-webm-vorbis: bf7c407c2cedff20999df2af8eb42d56 -> 
========================================================================
Received Prepare
Begin MonoManager ReloadAssembly
- Loaded All Assemblies, in  0.571 seconds
Refreshing native plugins compatible for Editor in 4.49 ms, found 3 plugins.
Native extension for WindowsStandalone target not found
[Package Manager] Server::EnsureServerProcessIsRunning -- launch failed, reason: Unity was launched with the -noUpm command-line argument
[Package Manager] UpmClient::Send -- Unable to send message (not connected to UPM process).
[Package Manager] Cannot connect to Unity Package Manager local server
Mono: successfully reloaded assembly
- Finished resetting the current domain, in  1.219 seconds
Domain Reload Profiling: 1786ms
	BeginReloadAssembly (204ms)
		ExecutionOrderSort (0ms)
		DisableScriptedObjects (9ms)
		BackupInstance (0ms)
		ReleaseScriptingObjects (0ms)
		CreateAndSetChildDomain (36ms)
	RebuildCommonClasses (29ms)
	RebuildNativeTypeToScriptingClass (9ms)
	initialDomainReloadingComplete (46ms)
	LoadAllAssembliesAndSetupDomain (279ms)
		LoadAssemblies (387ms)
		RebuildTransferFunctionScriptingTraits (0ms)
		AnalyzeDomain (11ms)
			TypeCache.Refresh (5ms)
				TypeCache.ScanAssembly (0ms)
			ScanForSourceGeneratedMonoScriptInfo (0ms)
			ResolveRequiredComponents (5ms)
	FinalizeReload (1220ms)
		ReleaseScriptCaches (0ms)
		RebuildScriptCaches (0ms)
		SetupLoadedEditorAssemblies (612ms)
			LogAssemblyErrors (0ms)
			InitializePlatformSupportModulesInManaged (11ms)
			SetLoadedEditorAssemblies (4ms)
			RefreshPlugins (0ms)
			BeforeProcessingInitializeOnLoad (84ms)
			ProcessInitializeOnLoadAttributes (464ms)
			ProcessInitializeOnLoadMethodAttributes (36ms)
			AfterProcessingInitializeOnLoad (13ms)
			EditorAssembliesLoaded (0ms)
		ExecutionOrderSort2 (0ms)
		AwakeInstancesAfterBackupRestoration (11ms)
Refreshing native plugins compatible for Editor in 4.98 ms, found 3 plugins.
Preloading 0 native plugins for Editor in 0.00 ms.
Unloading 3086 Unused Serialized files (Serialized files now loaded: 0)
Unloading 23 unused Assets / (31.1 KB). Loaded Objects now: 3633.
Memory consumption went from 149.4 MB to 149.4 MB.
Total: 3.140134 ms (FindLiveObjects: 0.268819 ms CreateObjectMapping: 0.202679 ms MarkObjects: 2.606965 ms  DeleteObjects: 0.054965 ms)

Prepare: number of updated asset objects reloaded= 0
AssetImportParameters requested are different than current active one (requested -> active):
  custom:container-demuxer-ogg: 62fdf1f143b41e24485cea50d1cbac27 -> 
  custom:video-decoder-ogg-theora: a1e56fd34408186e4bbccfd4996cb3dc -> 
  custom:framework-win-MediaFoundation: 216162199b28c13a410421893ffa2e32 -> 
  custom:CustomObjectIndexerAttribute: 6d391050e5a25f67b0a2c618074f2cd9 -> 
  custom:container-demuxer-webm: 4f35f7cbe854078d1ac9338744f61a02 -> 
  custom:container-muxer-webm: aa71ff27fc2769a1b78a27578f13a17b -> 
  custom:video-decoder-webm-vp8: 9c59270c3fd7afecdb556c50c9e8de78 -> 
  custom:SearchIndexIgnoredProperties: e643bd26f0fe6173181afceb89e7c659 -> 
  custom:AudioImporter_EditorPlatform: d09bf68614088b80899f8185d706f6e7 -> 
  custom:video-encoder-webm-vp8: eb34c28f22e8b96e1ab97ce403110664 -> 
  custom:audio-decoder-ogg-vorbis: bf7c407c2cedff20999df2af8eb42d56 -> 
  custom:audio-encoder-webm-vorbis: bf7c407c2cedff20999df2af8eb42d56 -> 
========================================================================
Received Prepare
Begin MonoManager ReloadAssembly
- Loaded All Assemblies, in  0.530 seconds
Refreshing native plugins compatible for Editor in 4.46 ms, found 3 plugins.
Native extension for WindowsStandalone target not found
[Package Manager] Server::EnsureServerProcessIsRunning -- launch failed, reason: Unity was launched with the -noUpm command-line argument
[Package Manager] UpmClient::Send -- Unable to send message (not connected to UPM process).
[Package Manager] Cannot connect to Unity Package Manager local server
Mono: successfully reloaded assembly
- Finished resetting the current domain, in  1.211 seconds
Domain Reload Profiling: 1738ms
	BeginReloadAssembly (202ms)
		ExecutionOrderSort (0ms)
		DisableScriptedObjects (9ms)
		BackupInstance (0ms)
		ReleaseScriptingObjects (0ms)
		CreateAndSetChildDomain (38ms)
	RebuildCommonClasses (29ms)
	RebuildNativeTypeToScriptingClass (8ms)
	initialDomainReloadingComplete (43ms)
	LoadAllAssembliesAndSetupDomain (243ms)
		LoadAssemblies (345ms)
		RebuildTransferFunctionScriptingTraits (0ms)
		AnalyzeDomain (14ms)
			TypeCache.Refresh (4ms)
				TypeCache.ScanAssembly (0ms)
			ScanForSourceGeneratedMonoScriptInfo (0ms)
			ResolveRequiredComponents (7ms)
	FinalizeReload (1212ms)
		ReleaseScriptCaches (0ms)
		RebuildScriptCaches (0ms)
		SetupLoadedEditorAssemblies (608ms)
			LogAssemblyErrors (0ms)
			InitializePlatformSupportModulesInManaged (10ms)
			SetLoadedEditorAssemblies (5ms)
			RefreshPlugins (0ms)
			BeforeProcessingInitializeOnLoad (84ms)
			ProcessInitializeOnLoadAttributes (461ms)
			ProcessInitializeOnLoadMethodAttributes (35ms)
			AfterProcessingInitializeOnLoad (12ms)
			EditorAssembliesLoaded (0ms)
		ExecutionOrderSort2 (0ms)
		AwakeInstancesAfterBackupRestoration (11ms)
Refreshing native plugins compatible for Editor in 5.20 ms, found 3 plugins.
Preloading 0 native plugins for Editor in 0.00 ms.
Unloading 3086 Unused Serialized files (Serialized files now loaded: 0)
Unloading 23 unused Assets / (31.1 KB). Loaded Objects now: 3636.
Memory consumption went from 151.4 MB to 151.3 MB.
Total: 2.956800 ms (FindLiveObjects: 0.288165 ms CreateObjectMapping: 0.193949 ms MarkObjects: 2.414902 ms  DeleteObjects: 0.053010 ms)

Prepare: number of updated asset objects reloaded= 0
AssetImportParameters requested are different than current active one (requested -> active):
  custom:container-demuxer-ogg: 62fdf1f143b41e24485cea50d1cbac27 -> 
  custom:video-decoder-ogg-theora: a1e56fd34408186e4bbccfd4996cb3dc -> 
  custom:framework-win-MediaFoundation: 216162199b28c13a410421893ffa2e32 -> 
  custom:CustomObjectIndexerAttribute: 6d391050e5a25f67b0a2c618074f2cd9 -> 
  custom:container-demuxer-webm: 4f35f7cbe854078d1ac9338744f61a02 -> 
  custom:container-muxer-webm: aa71ff27fc2769a1b78a27578f13a17b -> 
  custom:video-decoder-webm-vp8: 9c59270c3fd7afecdb556c50c9e8de78 -> 
  custom:SearchIndexIgnoredProperties: e643bd26f0fe6173181afceb89e7c659 -> 
  custom:AudioImporter_EditorPlatform: d09bf68614088b80899f8185d706f6e7 -> 
  custom:video-encoder-webm-vp8: eb34c28f22e8b96e1ab97ce403110664 -> 
  custom:audio-decoder-ogg-vorbis: bf7c407c2cedff20999df2af8eb42d56 -> 
  custom:audio-encoder-webm-vorbis: bf7c407c2cedff20999df2af8eb42d56 -> 
