Using pre-set license
Built from '2022.3/release' branch; Version is '2022.3.20f1 (61c2feb0970d) revision 6406910'; Using compiler version '192829333'; Build Type 'Release'
OS: 'Windows 10  (10.0.19045) 64bit Core' Language: 'es' Physical Memory: 16172 MB
BatchMode: 1, IsHumanControllingUs: 0, StartBugReporterOnCrash: 0, Is64bit: 1, IsPro: 1

COMMAND LINE ARGUMENTS:
C:\Program Files\Unity\Hub\Editor\2022.3.20f1\Editor\Unity.exe
-adb2
-batchMode
-noUpm
-name
AssetImportWorker3
-projectPath
C:/Users/Alvaro/Desktop/TFG
-logFile
Logs/AssetImportWorker3.log
-srvPort
53630
Successfully changed project path to: C:/Users/Alvaro/Desktop/TFG
C:/Users/Alvaro/Desktop/TFG
[UnityMemory] Configuration Parameters - Can be set up in boot.config
    "memorysetup-bucket-allocator-granularity=16"
    "memorysetup-bucket-allocator-bucket-count=8"
    "memorysetup-bucket-allocator-block-size=33554432"
    "memorysetup-bucket-allocator-block-count=8"
    "memorysetup-main-allocator-block-size=16777216"
    "memorysetup-thread-allocator-block-size=16777216"
    "memorysetup-gfx-main-allocator-block-size=16777216"
    "memorysetup-gfx-thread-allocator-block-size=16777216"
    "memorysetup-cache-allocator-block-size=4194304"
    "memorysetup-typetree-allocator-block-size=2097152"
    "memorysetup-profiler-bucket-allocator-granularity=16"
    "memorysetup-profiler-bucket-allocator-bucket-count=8"
    "memorysetup-profiler-bucket-allocator-block-size=33554432"
    "memorysetup-profiler-bucket-allocator-block-count=8"
    "memorysetup-profiler-allocator-block-size=16777216"
    "memorysetup-profiler-editor-allocator-block-size=1048576"
    "memorysetup-temp-allocator-size-main=16777216"
    "memorysetup-job-temp-allocator-block-size=2097152"
    "memorysetup-job-temp-allocator-block-size-background=1048576"
    "memorysetup-job-temp-allocator-reduction-small-platforms=262144"
    "memorysetup-allocator-temp-initial-block-size-main=262144"
    "memorysetup-allocator-temp-initial-block-size-worker=262144"
    "memorysetup-temp-allocator-size-background-worker=32768"
    "memorysetup-temp-allocator-size-job-worker=262144"
    "memorysetup-temp-allocator-size-preload-manager=33554432"
    "memorysetup-temp-allocator-size-nav-mesh-worker=65536"
    "memorysetup-temp-allocator-size-audio-worker=65536"
    "memorysetup-temp-allocator-size-cloud-worker=32768"
    "memorysetup-temp-allocator-size-gi-baking-worker=262144"
    "memorysetup-temp-allocator-size-gfx=262144"
Player connection [25084] Host "[IP] 192.168.18.175 [Port] 0 [Flags] 2 [Guid] 599909537 [EditorId] 599909537 [Version] 1048832 [Id] WindowsEditor(7,DESKTOP-HFLLRU5) [Debug] 1 [PackageName] WindowsEditor [ProjectName] Editor" joined multi-casting on [225.0.0.222:54997]...

Player connection [25084] Host "[IP] 192.168.18.175 [Port] 0 [Flags] 2 [Guid] 599909537 [EditorId] 599909537 [Version] 1048832 [Id] WindowsEditor(7,DESKTOP-HFLLRU5) [Debug] 1 [PackageName] WindowsEditor [ProjectName] Editor" joined alternative multi-casting on [225.0.0.222:34997]...

[Physics::Module] Initialized MultithreadedJobDispatcher with 11 workers.
Refreshing native plugins compatible for Editor in 11.34 ms, found 3 plugins.
Preloading 0 native plugins for Editor in 0.00 ms.
Initialize engine version: 2022.3.20f1 (61c2feb0970d)
[Subsystems] Discovering subsystems at path C:/Program Files/Unity/Hub/Editor/2022.3.20f1/Editor/Data/Resources/UnitySubsystems
[Subsystems] Discovering subsystems at path C:/Users/Alvaro/Desktop/TFG/Assets
GfxDevice: creating device client; threaded=0; jobified=0
Direct3D:
    Version:  Direct3D 11.0 [level 11.1]
    Renderer: NVIDIA GeForce RTX 3070 (ID=0x2484)
    Vendor:   NVIDIA
    VRAM:     8031 MB
    Driver:   31.0.15.3623
Initialize mono
Mono path[0] = 'C:/Program Files/Unity/Hub/Editor/2022.3.20f1/Editor/Data/Managed'
Mono path[1] = 'C:/Program Files/Unity/Hub/Editor/2022.3.20f1/Editor/Data/MonoBleedingEdge/lib/mono/unityjit-win32'
Mono config path = 'C:/Program Files/Unity/Hub/Editor/2022.3.20f1/Editor/Data/MonoBleedingEdge/etc'
Using monoOptions --debugger-agent=transport=dt_socket,embedding=1,server=y,suspend=n,address=127.0.0.1:56912
Begin MonoManager ReloadAssembly
Registering precompiled unity dll's ...
Register platform support module: C:/Program Files/Unity/Hub/Editor/2022.3.20f1/Editor/Data/PlaybackEngines/WindowsStandaloneSupport/UnityEditor.WindowsStandalone.Extensions.dll
Registered in 0.014405 seconds.
- Loaded All Assemblies, in  0.505 seconds
Native extension for WindowsStandalone target not found
Mono: successfully reloaded assembly
- Finished resetting the current domain, in  0.473 seconds
Domain Reload Profiling: 976ms
	BeginReloadAssembly (174ms)
		ExecutionOrderSort (0ms)
		DisableScriptedObjects (0ms)
		BackupInstance (0ms)
		ReleaseScriptingObjects (0ms)
		CreateAndSetChildDomain (2ms)
	RebuildCommonClasses (39ms)
	RebuildNativeTypeToScriptingClass (11ms)
	initialDomainReloadingComplete (99ms)
	LoadAllAssembliesAndSetupDomain (179ms)
		LoadAssemblies (168ms)
		RebuildTransferFunctionScriptingTraits (0ms)
		AnalyzeDomain (175ms)
			TypeCache.Refresh (173ms)
				TypeCache.ScanAssembly (154ms)
			ScanForSourceGeneratedMonoScriptInfo (0ms)
			ResolveRequiredComponents (1ms)
	FinalizeReload (474ms)
		ReleaseScriptCaches (0ms)
		RebuildScriptCaches (0ms)
		SetupLoadedEditorAssemblies (380ms)
			LogAssemblyErrors (0ms)
			InitializePlatformSupportModulesInManaged (18ms)
			SetLoadedEditorAssemblies (12ms)
			RefreshPlugins (0ms)
			BeforeProcessingInitializeOnLoad (4ms)
			ProcessInitializeOnLoadAttributes (260ms)
			ProcessInitializeOnLoadMethodAttributes (86ms)
			AfterProcessingInitializeOnLoad (0ms)
			EditorAssembliesLoaded (0ms)
		ExecutionOrderSort2 (0ms)
		AwakeInstancesAfterBackupRestoration (0ms)
========================================================================
Worker process is ready to serve import requests
Begin MonoManager ReloadAssembly
- Loaded All Assemblies, in  1.851 seconds
Refreshing native plugins compatible for Editor in 5.74 ms, found 3 plugins.
Native extension for WindowsStandalone target not found
Package Manager log level set to [2]
[Package Manager] Server::EnsureServerProcessIsRunning -- launch failed, reason: Unity was launched with the -noUpm command-line argument
[Package Manager] UpmClient::Send -- Unable to send message (not connected to UPM process).
[Package Manager] Cannot connect to Unity Package Manager local server
Mono: successfully reloaded assembly
- Finished resetting the current domain, in  0.877 seconds
Domain Reload Profiling: 2724ms
	BeginReloadAssembly (242ms)
		ExecutionOrderSort (0ms)
		DisableScriptedObjects (10ms)
		BackupInstance (0ms)
		ReleaseScriptingObjects (0ms)
		CreateAndSetChildDomain (30ms)
	RebuildCommonClasses (38ms)
	RebuildNativeTypeToScriptingClass (10ms)
	initialDomainReloadingComplete (75ms)
	LoadAllAssembliesAndSetupDomain (1480ms)
		LoadAssemblies (1406ms)
		RebuildTransferFunctionScriptingTraits (0ms)
		AnalyzeDomain (220ms)
			TypeCache.Refresh (192ms)
				TypeCache.ScanAssembly (172ms)
			ScanForSourceGeneratedMonoScriptInfo (20ms)
			ResolveRequiredComponents (6ms)
	FinalizeReload (878ms)
		ReleaseScriptCaches (0ms)
		RebuildScriptCaches (0ms)
		SetupLoadedEditorAssemblies (670ms)
			LogAssemblyErrors (0ms)
			InitializePlatformSupportModulesInManaged (11ms)
			SetLoadedEditorAssemblies (6ms)
			RefreshPlugins (0ms)
			BeforeProcessingInitializeOnLoad (95ms)
			ProcessInitializeOnLoadAttributes (510ms)
			ProcessInitializeOnLoadMethodAttributes (35ms)
			AfterProcessingInitializeOnLoad (13ms)
			EditorAssembliesLoaded (0ms)
		ExecutionOrderSort2 (0ms)
		AwakeInstancesAfterBackupRestoration (13ms)
Launched and connected shader compiler UnityShaderCompiler.exe after 0.06 seconds
Refreshing native plugins compatible for Editor in 5.66 ms, found 3 plugins.
Preloading 0 native plugins for Editor in 0.00 ms.
Unloading 3093 Unused Serialized files (Serialized files now loaded: 0)
Unloading 31 unused Assets / (29.7 KB). Loaded Objects now: 3577.
Memory consumption went from 137.5 MB to 137.5 MB.
Total: 3.911950 ms (FindLiveObjects: 0.508864 ms CreateObjectMapping: 0.317708 ms MarkObjects: 2.977194 ms  DeleteObjects: 0.100502 ms)

AssetImportParameters requested are different than current active one (requested -> active):
  custom:container-demuxer-ogg: 62fdf1f143b41e24485cea50d1cbac27 -> 
  custom:video-decoder-ogg-theora: a1e56fd34408186e4bbccfd4996cb3dc -> 
  custom:framework-win-MediaFoundation: 216162199b28c13a410421893ffa2e32 -> 
  custom:CustomObjectIndexerAttribute: 6d391050e5a25f67b0a2c618074f2cd9 -> 
  custom:container-demuxer-webm: 4f35f7cbe854078d1ac9338744f61a02 -> 
  custom:container-muxer-webm: aa71ff27fc2769a1b78a27578f13a17b -> 
  custom:video-decoder-webm-vp8: 9c59270c3fd7afecdb556c50c9e8de78 -> 
  custom:SearchIndexIgnoredProperties: e643bd26f0fe6173181afceb89e7c659 -> 
  custom:AudioImporter_EditorPlatform: d09bf68614088b80899f8185d706f6e7 -> 
  custom:video-encoder-webm-vp8: eb34c28f22e8b96e1ab97ce403110664 -> 
  custom:audio-decoder-ogg-vorbis: bf7c407c2cedff20999df2af8eb42d56 -> 
  custom:audio-encoder-webm-vorbis: bf7c407c2cedff20999df2af8eb42d56 -> 
========================================================================
Received Import Request.
  Time since last request: 32506.996933 seconds.
  path: Assets/KayKit Mini-Game Variety Pack 1.2/Models/obj/ball_teamYellow.obj
  artifactKey: Guid(5a4285dbf90150349a5c306b5ff7921d) Importer(815301076,1909f56bfc062723c751e8b465ee728b)
Start importing Assets/KayKit Mini-Game Variety Pack 1.2/Models/obj/ball_teamYellow.obj using Guid(5a4285dbf90150349a5c306b5ff7921d) Importer(815301076,1909f56bfc062723c751e8b465ee728b)  -> (artifact id: 'f8ae7b73c5792fe3ec45c1148e9ab154') in 0.227387 seconds
Number of updated asset objects reloaded before import = 0
Number of asset objects unloaded after import = 11
========================================================================
Received Import Request.
  Time since last request: 0.000041 seconds.
  path: Assets/KayKit Mini-Game Variety Pack 1.2/Models/fbx/arrow_teamBlue.fbx
  artifactKey: Guid(70f7df3678e499644ba993bc04dbaab6) Importer(815301076,1909f56bfc062723c751e8b465ee728b)
Start importing Assets/KayKit Mini-Game Variety Pack 1.2/Models/fbx/arrow_teamBlue.fbx using Guid(70f7df3678e499644ba993bc04dbaab6) Importer(815301076,1909f56bfc062723c751e8b465ee728b)  -> (artifact id: '14c32d94a7591dceab75df8a4e9409b0') in 0.036278 seconds
Number of updated asset objects reloaded before import = 0
Number of asset objects unloaded after import = 10
========================================================================
Received Import Request.
  Time since last request: 0.000034 seconds.
  path: Assets/KayKit Mini-Game Variety Pack 1.2/Models/obj/button_teamBlue.obj
  artifactKey: Guid(b2f991b2b5ed80149ae2c421b1827016) Importer(815301076,1909f56bfc062723c751e8b465ee728b)
Start importing Assets/KayKit Mini-Game Variety Pack 1.2/Models/obj/button_teamBlue.obj using Guid(b2f991b2b5ed80149ae2c421b1827016) Importer(815301076,1909f56bfc062723c751e8b465ee728b)  -> (artifact id: '1fc0d8e49ee518f2992c8ef5b0295e6d') in 0.038861 seconds
Number of updated asset objects reloaded before import = 0
Number of asset objects unloaded after import = 11
========================================================================
Received Import Request.
  Time since last request: 0.000021 seconds.
  path: Assets/KayKit Mini-Game Variety Pack 1.2/Models/obj/tileLarge_teamRed.obj
  artifactKey: Guid(96fb3729ec24da14caaa31ebb598b446) Importer(815301076,1909f56bfc062723c751e8b465ee728b)
Start importing Assets/KayKit Mini-Game Variety Pack 1.2/Models/obj/tileLarge_teamRed.obj using Guid(96fb3729ec24da14caaa31ebb598b446) Importer(815301076,1909f56bfc062723c751e8b465ee728b)  -> (artifact id: '805bbbac85438d4f21da3da96af792bb') in 0.036759 seconds
Number of updated asset objects reloaded before import = 0
Number of asset objects unloaded after import = 11
========================================================================
Received Import Request.
  Time since last request: 0.000022 seconds.
  path: Assets/KayKit Mini-Game Variety Pack 1.2/Models/obj/tileSlopeLowHigh_teamYellow.obj
  artifactKey: Guid(3c3c28f60b8842b41ac915fb44be4355) Importer(815301076,1909f56bfc062723c751e8b465ee728b)
Start importing Assets/KayKit Mini-Game Variety Pack 1.2/Models/obj/tileSlopeLowHigh_teamYellow.obj using Guid(3c3c28f60b8842b41ac915fb44be4355) Importer(815301076,1909f56bfc062723c751e8b465ee728b)  -> (artifact id: '8eabcf274af0b33b480130227ebc63c1') in 0.040881 seconds
Number of updated asset objects reloaded before import = 0
Number of asset objects unloaded after import = 11
========================================================================
Received Import Request.
  Time since last request: 0.000022 seconds.
  path: Assets/KayKit Mini-Game Variety Pack 1.2/Models/obj/gateSmall_teamYellow.obj
  artifactKey: Guid(4dbd4c28daef0674daf8bf55a4c4166f) Importer(815301076,1909f56bfc062723c751e8b465ee728b)
Start importing Assets/KayKit Mini-Game Variety Pack 1.2/Models/obj/gateSmall_teamYellow.obj using Guid(4dbd4c28daef0674daf8bf55a4c4166f) Importer(815301076,1909f56bfc062723c751e8b465ee728b)  -> (artifact id: 'b7bf21fd0d1fe371e13280d93b17070d') in 0.040343 seconds
Number of updated asset objects reloaded before import = 0
Number of asset objects unloaded after import = 10
========================================================================
Received Import Request.
  Time since last request: 0.000022 seconds.
  path: Assets/KayKit Mini-Game Variety Pack 1.2/Models/obj/tileHigh_teamYellow.obj
  artifactKey: Guid(5cb82f75cc7d10b4096944627a51853b) Importer(815301076,1909f56bfc062723c751e8b465ee728b)
Start importing Assets/KayKit Mini-Game Variety Pack 1.2/Models/obj/tileHigh_teamYellow.obj using Guid(5cb82f75cc7d10b4096944627a51853b) Importer(815301076,1909f56bfc062723c751e8b465ee728b)  -> (artifact id: 'e1191b792283caf4e730f014b92d3caf') in 0.047644 seconds
Number of updated asset objects reloaded before import = 0
Number of asset objects unloaded after import = 11
========================================================================
Received Import Request.
  Time since last request: 0.000024 seconds.
  path: Assets/KayKit Mini-Game Variety Pack 1.2/Models/dae/arrow_teamBlue.dae
  artifactKey: Guid(4bd9bed67d94c7340888c1478ea842d6) Importer(815301076,1909f56bfc062723c751e8b465ee728b)
Start importing Assets/KayKit Mini-Game Variety Pack 1.2/Models/dae/arrow_teamBlue.dae using Guid(4bd9bed67d94c7340888c1478ea842d6) Importer(815301076,1909f56bfc062723c751e8b465ee728b)  -> (artifact id: 'fcf843902eee4b961ca0dc7f90021bda') in 0.031328 seconds
Number of updated asset objects reloaded before import = 0
Number of asset objects unloaded after import = 10
========================================================================
Received Import Request.
  Time since last request: 0.000026 seconds.
  path: Assets/KayKit Mini-Game Variety Pack 1.2/Models/obj/flag_teamYellow.obj
  artifactKey: Guid(76ef26fb428a985459e862b08d36abc9) Importer(815301076,1909f56bfc062723c751e8b465ee728b)
Start importing Assets/KayKit Mini-Game Variety Pack 1.2/Models/obj/flag_teamYellow.obj using Guid(76ef26fb428a985459e862b08d36abc9) Importer(815301076,1909f56bfc062723c751e8b465ee728b)  -> (artifact id: '1d1caad7cf50020b2613a06a655e4270') in 0.027977 seconds
Number of updated asset objects reloaded before import = 0
Number of asset objects unloaded after import = 12
========================================================================
Received Import Request.
  Time since last request: 0.000034 seconds.
  path: Assets/KayKit Mini-Game Variety Pack 1.2/Models/obj/flag_teamBlue.obj
  artifactKey: Guid(171bf491ef898da4699197f8fc1696c0) Importer(815301076,1909f56bfc062723c751e8b465ee728b)
Start importing Assets/KayKit Mini-Game Variety Pack 1.2/Models/obj/flag_teamBlue.obj using Guid(171bf491ef898da4699197f8fc1696c0) Importer(815301076,1909f56bfc062723c751e8b465ee728b)  -> (artifact id: '92aa55df969075a947abe9808153cb65') in 0.028927 seconds
Number of updated asset objects reloaded before import = 0
Number of asset objects unloaded after import = 12
========================================================================
Received Import Request.
  Time since last request: 0.000019 seconds.
  path: Assets/KayKit Mini-Game Variety Pack 1.2/Models/obj/button_teamRed.obj
  artifactKey: Guid(788fa6808cd40f444a0e4595221502cf) Importer(815301076,1909f56bfc062723c751e8b465ee728b)
Start importing Assets/KayKit Mini-Game Variety Pack 1.2/Models/obj/button_teamRed.obj using Guid(788fa6808cd40f444a0e4595221502cf) Importer(815301076,1909f56bfc062723c751e8b465ee728b)  -> (artifact id: '05f6fe64f5fe437be4638778ff34ba02') in 0.024291 seconds
Number of updated asset objects reloaded before import = 0
Number of asset objects unloaded after import = 11
========================================================================
Received Import Request.
  Time since last request: 0.000020 seconds.
  path: Assets/KayKit Mini-Game Variety Pack 1.2/Models/obj/heart_teamBlue.obj
  artifactKey: Guid(4ad75fecd1bb6154e944d8b4673c7c4b) Importer(815301076,1909f56bfc062723c751e8b465ee728b)
Start importing Assets/KayKit Mini-Game Variety Pack 1.2/Models/obj/heart_teamBlue.obj using Guid(4ad75fecd1bb6154e944d8b4673c7c4b) Importer(815301076,1909f56bfc062723c751e8b465ee728b)  -> (artifact id: '563d0a2d5adfd8ca2035e846a82c121d') in 0.021119 seconds
Number of updated asset objects reloaded before import = 0
Number of asset objects unloaded after import = 10
========================================================================
Received Import Request.
  Time since last request: 0.000022 seconds.
  path: Assets/KayKit Mini-Game Variety Pack 1.2/Models/obj/heart_teamYellow.obj
  artifactKey: Guid(22c9dc984b5523747a1097a7f0d170ff) Importer(815301076,1909f56bfc062723c751e8b465ee728b)
Start importing Assets/KayKit Mini-Game Variety Pack 1.2/Models/obj/heart_teamYellow.obj using Guid(22c9dc984b5523747a1097a7f0d170ff) Importer(815301076,1909f56bfc062723c751e8b465ee728b)  -> (artifact id: 'aaafc9484aac9467e79a6cf7cb7ba321') in 0.019753 seconds
Number of updated asset objects reloaded before import = 0
Number of asset objects unloaded after import = 10
========================================================================
Received Import Request.
  Time since last request: 0.000021 seconds.
  path: Assets/KayKit Mini-Game Variety Pack 1.2/Models/obj/ring_teamYellow.obj
  artifactKey: Guid(cbc928ffea6502f4ea55f5e9c51a61ef) Importer(815301076,1909f56bfc062723c751e8b465ee728b)
Start importing Assets/KayKit Mini-Game Variety Pack 1.2/Models/obj/ring_teamYellow.obj using Guid(cbc928ffea6502f4ea55f5e9c51a61ef) Importer(815301076,1909f56bfc062723c751e8b465ee728b)  -> (artifact id: '57effa10d1978f43ae394aadfeed5a70') in 0.024600 seconds
Number of updated asset objects reloaded before import = 0
Number of asset objects unloaded after import = 11
========================================================================
Received Import Request.
  Time since last request: 0.000021 seconds.
  path: Assets/KayKit Mini-Game Variety Pack 1.2/Models/fbx/arrow_teamRed.fbx
  artifactKey: Guid(d3fad783626c4b34fb48d3f912be07e3) Importer(815301076,1909f56bfc062723c751e8b465ee728b)
Start importing Assets/KayKit Mini-Game Variety Pack 1.2/Models/fbx/arrow_teamRed.fbx using Guid(d3fad783626c4b34fb48d3f912be07e3) Importer(815301076,1909f56bfc062723c751e8b465ee728b)  -> (artifact id: '389130f70108e1b87c0a77432204d033') in 0.025102 seconds
Number of updated asset objects reloaded before import = 0
Number of asset objects unloaded after import = 10
========================================================================
Received Import Request.
  Time since last request: 0.000019 seconds.
  path: Assets/KayKit Mini-Game Variety Pack 1.2/Models/obj/tileLow_teamYellow.obj
  artifactKey: Guid(c98e100b7c2e37d468931a59f020cd77) Importer(815301076,1909f56bfc062723c751e8b465ee728b)
Start importing Assets/KayKit Mini-Game Variety Pack 1.2/Models/obj/tileLow_teamYellow.obj using Guid(c98e100b7c2e37d468931a59f020cd77) Importer(815301076,1909f56bfc062723c751e8b465ee728b)  -> (artifact id: '129271a4517ebe350335d29dad320eaa') in 0.024163 seconds
Number of updated asset objects reloaded before import = 0
Number of asset objects unloaded after import = 11
========================================================================
Received Import Request.
  Time since last request: 0.000022 seconds.
  path: Assets/KayKit Mini-Game Variety Pack 1.2/Models/obj/tileMedium_teamYellow.obj
  artifactKey: Guid(c588ce4b50d72b743a08c0c2709d6df7) Importer(815301076,1909f56bfc062723c751e8b465ee728b)
Start importing Assets/KayKit Mini-Game Variety Pack 1.2/Models/obj/tileMedium_teamYellow.obj using Guid(c588ce4b50d72b743a08c0c2709d6df7) Importer(815301076,1909f56bfc062723c751e8b465ee728b)  -> (artifact id: 'ea5f60a09c40d30a015d45c1ca823c90') in 0.024570 seconds
Number of updated asset objects reloaded before import = 0
Number of asset objects unloaded after import = 11
========================================================================
Received Import Request.
  Time since last request: 0.000021 seconds.
  path: Assets/KayKit Mini-Game Variety Pack 1.2/Models/fbx/ball_teamRed.fbx
  artifactKey: Guid(219e3b9f3e9a19c42ab2309ff44c10f2) Importer(815301076,1909f56bfc062723c751e8b465ee728b)
Start importing Assets/KayKit Mini-Game Variety Pack 1.2/Models/fbx/ball_teamRed.fbx using Guid(219e3b9f3e9a19c42ab2309ff44c10f2) Importer(815301076,1909f56bfc062723c751e8b465ee728b)  -> (artifact id: '7c171f0830108cee3aacaf8bcc1efc79') in 0.021807 seconds
Number of updated asset objects reloaded before import = 0
Number of asset objects unloaded after import = 9
========================================================================
Received Import Request.
  Time since last request: 0.000025 seconds.
  path: Assets/KayKit Mini-Game Variety Pack 1.2/Models/obj/tileMedium_teamRed.obj
  artifactKey: Guid(abd59868e15221a4ab79a7636885feea) Importer(815301076,1909f56bfc062723c751e8b465ee728b)
Start importing Assets/KayKit Mini-Game Variety Pack 1.2/Models/obj/tileMedium_teamRed.obj using Guid(abd59868e15221a4ab79a7636885feea) Importer(815301076,1909f56bfc062723c751e8b465ee728b)  -> (artifact id: 'd1f5209ddebe9ce6088e10e995a2f7d3') in 0.035628 seconds
Number of updated asset objects reloaded before import = 0
Number of asset objects unloaded after import = 11
========================================================================
Received Import Request.
  Time since last request: 0.000031 seconds.
  path: Assets/KayKit Mini-Game Variety Pack 1.2/Models/obj/tileSlopeMediumHigh_teamYellow.obj
  artifactKey: Guid(083453cf2fd97c54fb3547c8faf734fb) Importer(815301076,1909f56bfc062723c751e8b465ee728b)
Start importing Assets/KayKit Mini-Game Variety Pack 1.2/Models/obj/tileSlopeMediumHigh_teamYellow.obj using Guid(083453cf2fd97c54fb3547c8faf734fb) Importer(815301076,1909f56bfc062723c751e8b465ee728b)  -> (artifact id: 'ca569c04915aeae5372eeda863a06188') in 0.033541 seconds
Number of updated asset objects reloaded before import = 0
Number of asset objects unloaded after import = 11
========================================================================
Received Import Request.
  Time since last request: 0.000023 seconds.
  path: Assets/KayKit Mini-Game Variety Pack 1.2/Models/obj/tileSlopeLowHigh_teamRed.obj
  artifactKey: Guid(1d1afd8fc95748b449d698d7ca395791) Importer(815301076,1909f56bfc062723c751e8b465ee728b)
Start importing Assets/KayKit Mini-Game Variety Pack 1.2/Models/obj/tileSlopeLowHigh_teamRed.obj using Guid(1d1afd8fc95748b449d698d7ca395791) Importer(815301076,1909f56bfc062723c751e8b465ee728b)  -> (artifact id: '489f810ec45cb022a2ec24d0ed281183') in 0.028839 seconds
Number of updated asset objects reloaded before import = 0
Number of asset objects unloaded after import = 11
========================================================================
Received Import Request.
  Time since last request: 0.000021 seconds.
  path: Assets/KayKit Mini-Game Variety Pack 1.2/Models/obj/hoop_teamRed.obj
  artifactKey: Guid(f85d2a90cffc80948b0bc4d7f46a7ba2) Importer(815301076,1909f56bfc062723c751e8b465ee728b)
Start importing Assets/KayKit Mini-Game Variety Pack 1.2/Models/obj/hoop_teamRed.obj using Guid(f85d2a90cffc80948b0bc4d7f46a7ba2) Importer(815301076,1909f56bfc062723c751e8b465ee728b)  -> (artifact id: '9f71d35284259959343b4db3b1b7df9c') in 0.033360 seconds
Number of updated asset objects reloaded before import = 0
Number of asset objects unloaded after import = 11
========================================================================
Received Import Request.
  Time since last request: 0.000026 seconds.
  path: Assets/KayKit Mini-Game Variety Pack 1.2/Models/obj/plantA_forest.obj
  artifactKey: Guid(521f662dfd1d6004c8c9e743b4bbbb3d) Importer(815301076,1909f56bfc062723c751e8b465ee728b)
Start importing Assets/KayKit Mini-Game Variety Pack 1.2/Models/obj/plantA_forest.obj using Guid(521f662dfd1d6004c8c9e743b4bbbb3d) Importer(815301076,1909f56bfc062723c751e8b465ee728b)  -> (artifact id: '5aba2e7dd61675ad638c66b3b55fb6b3') in 0.029246 seconds
Number of updated asset objects reloaded before import = 0
Number of asset objects unloaded after import = 10
========================================================================
Received Import Request.
  Time since last request: 0.000025 seconds.
  path: Assets/KayKit Mini-Game Variety Pack 1.2/Models/obj/bow_teamYellow.obj
  artifactKey: Guid(f3410e8d825c4c9468889977bf7cbf24) Importer(815301076,1909f56bfc062723c751e8b465ee728b)
Start importing Assets/KayKit Mini-Game Variety Pack 1.2/Models/obj/bow_teamYellow.obj using Guid(f3410e8d825c4c9468889977bf7cbf24) Importer(815301076,1909f56bfc062723c751e8b465ee728b)  -> (artifact id: '182ab62268a2b41ffeb9a21463bdac7f') in 0.043429 seconds
Number of updated asset objects reloaded before import = 0
Number of asset objects unloaded after import = 12
========================================================================
Received Import Request.
  Time since last request: 0.000026 seconds.
  path: Assets/KayKit Mini-Game Variety Pack 1.2/Models/obj/tileSlopeLowMedium._teamRed.obj
  artifactKey: Guid(8e3d53bba10b95f4f8dce48c93304574) Importer(815301076,1909f56bfc062723c751e8b465ee728b)
Start importing Assets/KayKit Mini-Game Variety Pack 1.2/Models/obj/tileSlopeLowMedium._teamRed.obj using Guid(8e3d53bba10b95f4f8dce48c93304574) Importer(815301076,1909f56bfc062723c751e8b465ee728b)  -> (artifact id: '38769e42ac1afdd4c3e59eb2e7bb571d') in 0.045368 seconds
Number of updated asset objects reloaded before import = 0
Number of asset objects unloaded after import = 11
========================================================================
Received Import Request.
  Time since last request: 0.000036 seconds.
  path: Assets/KayKit Mini-Game Variety Pack 1.2/Models/fbx/barrierSmall.fbx
  artifactKey: Guid(3fa0ae8f1dd25d848ba7f87f7c6ade0a) Importer(815301076,1909f56bfc062723c751e8b465ee728b)
Start importing Assets/KayKit Mini-Game Variety Pack 1.2/Models/fbx/barrierSmall.fbx using Guid(3fa0ae8f1dd25d848ba7f87f7c6ade0a) Importer(815301076,1909f56bfc062723c751e8b465ee728b)  -> (artifact id: '7ae2cda4abab96922c66e9d6b80b3d3b') in 0.029976 seconds
Number of updated asset objects reloaded before import = 0
Number of asset objects unloaded after import = 8
========================================================================
Received Import Request.
  Time since last request: 0.000038 seconds.
  path: Assets/KayKit Mini-Game Variety Pack 1.2/Models/fbx/barrierLadder.fbx
  artifactKey: Guid(35d00c174865e8e4d810eaccdda8c2ab) Importer(815301076,1909f56bfc062723c751e8b465ee728b)
Start importing Assets/KayKit Mini-Game Variety Pack 1.2/Models/fbx/barrierLadder.fbx using Guid(35d00c174865e8e4d810eaccdda8c2ab) Importer(815301076,1909f56bfc062723c751e8b465ee728b)  -> (artifact id: '91485e558bc1447586af2fe1bc086b9a') in 0.024807 seconds
Number of updated asset objects reloaded before import = 0
Number of asset objects unloaded after import = 8
========================================================================
Received Import Request.
  Time since last request: 0.000026 seconds.
  path: Assets/KayKit Mini-Game Variety Pack 1.2/Models/obj/character_bearHead.obj
  artifactKey: Guid(ab82f5fdf0450ad4c8f05469bc3172a2) Importer(815301076,1909f56bfc062723c751e8b465ee728b)
Start importing Assets/KayKit Mini-Game Variety Pack 1.2/Models/obj/character_bearHead.obj using Guid(ab82f5fdf0450ad4c8f05469bc3172a2) Importer(815301076,1909f56bfc062723c751e8b465ee728b)  -> (artifact id: '1caf4c8de036741dd19f4670d043318f') in 0.032286 seconds
Number of updated asset objects reloaded before import = 0
Number of asset objects unloaded after import = 11
========================================================================
Received Import Request.
  Time since last request: 0.000023 seconds.
  path: Assets/KayKit Mini-Game Variety Pack 1.2/Models/obj/arrow_teamRed.obj
  artifactKey: Guid(48a91e82ed595d14b8a4a303d4f6092e) Importer(815301076,1909f56bfc062723c751e8b465ee728b)
Start importing Assets/KayKit Mini-Game Variety Pack 1.2/Models/obj/arrow_teamRed.obj using Guid(48a91e82ed595d14b8a4a303d4f6092e) Importer(815301076,1909f56bfc062723c751e8b465ee728b)  -> (artifact id: '0bc0d97618b1d86319a29baf2462b4ae') in 0.037934 seconds
Number of updated asset objects reloaded before import = 0
Number of asset objects unloaded after import = 12
========================================================================
Received Import Request.
  Time since last request: 0.000023 seconds.
  path: Assets/KayKit Mini-Game Variety Pack 1.2/Models/obj/tileMedium_desert.obj
  artifactKey: Guid(1e7045b49ad35db438778f8f3f81bfc8) Importer(815301076,1909f56bfc062723c751e8b465ee728b)
Start importing Assets/KayKit Mini-Game Variety Pack 1.2/Models/obj/tileMedium_desert.obj using Guid(1e7045b49ad35db438778f8f3f81bfc8) Importer(815301076,1909f56bfc062723c751e8b465ee728b)  -> (artifact id: 'ba7339e3a717d1c295ecc5931c3934fd') in 0.031753 seconds
Number of updated asset objects reloaded before import = 0
Number of asset objects unloaded after import = 11
========================================================================
Received Import Request.
  Time since last request: 9.827084 seconds.
  path: Assets/KayKit Mini-Game Variety Pack 1.2/Models/fbx/gateSmall_teamBlue.fbx
  artifactKey: Guid(39ff1a8792ea0aa45a98966ad735a738) Importer(815301076,1909f56bfc062723c751e8b465ee728b)
Start importing Assets/KayKit Mini-Game Variety Pack 1.2/Models/fbx/gateSmall_teamBlue.fbx using Guid(39ff1a8792ea0aa45a98966ad735a738) Importer(815301076,1909f56bfc062723c751e8b465ee728b)  -> (artifact id: '2a2e0995ec688abba4a244927da055e2') in 0.023404 seconds
Number of updated asset objects reloaded before import = 0
Number of asset objects unloaded after import = 8
========================================================================
Received Import Request.
  Time since last request: 0.002871 seconds.
  path: Assets/KayKit Mini-Game Variety Pack 1.2/Models/fbx/gateSmall_teamYellow.fbx
  artifactKey: Guid(4d98e871f2d1d454c97905b96cccc3ed) Importer(815301076,1909f56bfc062723c751e8b465ee728b)
Start importing Assets/KayKit Mini-Game Variety Pack 1.2/Models/fbx/gateSmall_teamYellow.fbx using Guid(4d98e871f2d1d454c97905b96cccc3ed) Importer(815301076,1909f56bfc062723c751e8b465ee728b)  -> (artifact id: 'c98e98761cd44a32d5f644a786302bb2') in 0.023484 seconds
Number of updated asset objects reloaded before import = 0
Number of asset objects unloaded after import = 8
========================================================================
Received Import Request.
  Time since last request: 0.001954 seconds.
  path: Assets/KayKit Mini-Game Variety Pack 1.2/Models/fbx/gateSmallWide_teamRed.fbx
  artifactKey: Guid(8beaadb55421cd94fa99c50b19251d86) Importer(815301076,1909f56bfc062723c751e8b465ee728b)
Start importing Assets/KayKit Mini-Game Variety Pack 1.2/Models/fbx/gateSmallWide_teamRed.fbx using Guid(8beaadb55421cd94fa99c50b19251d86) Importer(815301076,1909f56bfc062723c751e8b465ee728b)  -> (artifact id: 'a91e7060a210287e1662e3dd8ad799eb') in 0.023931 seconds
Number of updated asset objects reloaded before import = 0
Number of asset objects unloaded after import = 8
========================================================================
Received Import Request.
  Time since last request: 0.003026 seconds.
  path: Assets/KayKit Mini-Game Variety Pack 1.2/Models/fbx/plantA_desert.fbx
  artifactKey: Guid(d53a966f151b4bd4d960252ed4fe1c65) Importer(815301076,1909f56bfc062723c751e8b465ee728b)
Start importing Assets/KayKit Mini-Game Variety Pack 1.2/Models/fbx/plantA_desert.fbx using Guid(d53a966f151b4bd4d960252ed4fe1c65) Importer(815301076,1909f56bfc062723c751e8b465ee728b)  -> (artifact id: '4bf32de29614f30b3124231ff7f6d841') in 0.023765 seconds
Number of updated asset objects reloaded before import = 0
Number of asset objects unloaded after import = 8
========================================================================
Received Import Request.
  Time since last request: 0.004524 seconds.
  path: Assets/KayKit Mini-Game Variety Pack 1.2/Models/fbx/plantB_desert.fbx
  artifactKey: Guid(173aede9dd41a044db982c06726bd292) Importer(815301076,1909f56bfc062723c751e8b465ee728b)
Start importing Assets/KayKit Mini-Game Variety Pack 1.2/Models/fbx/plantB_desert.fbx using Guid(173aede9dd41a044db982c06726bd292) Importer(815301076,1909f56bfc062723c751e8b465ee728b)  -> (artifact id: '60a4c740e96faa5df0f1bdf8b785bdee') in 0.022212 seconds
Number of updated asset objects reloaded before import = 0
Number of asset objects unloaded after import = 8
========================================================================
Received Import Request.
  Time since last request: 0.004783 seconds.
  path: Assets/KayKit Mini-Game Variety Pack 1.2/Models/fbx/rocksA_desert.fbx
  artifactKey: Guid(cdc6724a0b4e28148b038f9ede7d8cc3) Importer(815301076,1909f56bfc062723c751e8b465ee728b)
Start importing Assets/KayKit Mini-Game Variety Pack 1.2/Models/fbx/rocksA_desert.fbx using Guid(cdc6724a0b4e28148b038f9ede7d8cc3) Importer(815301076,1909f56bfc062723c751e8b465ee728b)  -> (artifact id: '1ee16bd66e7378ddd3b3c227695c85c0') in 0.022368 seconds
Number of updated asset objects reloaded before import = 0
Number of asset objects unloaded after import = 8
========================================================================
Received Import Request.
  Time since last request: 0.005276 seconds.
  path: Assets/KayKit Mini-Game Variety Pack 1.2/Models/dae/rocksB_desert.dae
  artifactKey: Guid(b72e196ed72656f4db760bc22605e2d3) Importer(815301076,1909f56bfc062723c751e8b465ee728b)
Start importing Assets/KayKit Mini-Game Variety Pack 1.2/Models/dae/rocksB_desert.dae using Guid(b72e196ed72656f4db760bc22605e2d3) Importer(815301076,1909f56bfc062723c751e8b465ee728b)  -> (artifact id: '094071a124fb6295c86349c0cdb54ebc') in 0.023604 seconds
Number of updated asset objects reloaded before import = 0
Number of asset objects unloaded after import = 8
========================================================================
Received Import Request.
  Time since last request: 0.002324 seconds.
  path: Assets/KayKit Mini-Game Variety Pack 1.2/Models/dae/slingshot_teamBlue.dae
  artifactKey: Guid(1733a5a86e5c00d4099633eddeeb250f) Importer(815301076,1909f56bfc062723c751e8b465ee728b)
Start importing Assets/KayKit Mini-Game Variety Pack 1.2/Models/dae/slingshot_teamBlue.dae using Guid(1733a5a86e5c00d4099633eddeeb250f) Importer(815301076,1909f56bfc062723c751e8b465ee728b)  -> (artifact id: 'e01728ad90242a17082b38902ef9d423') in 0.027047 seconds
Number of updated asset objects reloaded before import = 0
Number of asset objects unloaded after import = 9
========================================================================
Received Import Request.
  Time since last request: 0.002027 seconds.
  path: Assets/KayKit Mini-Game Variety Pack 1.2/Models/dae/slingshot_teamYellow.dae
  artifactKey: Guid(fdf5134eef861394ebe8ddcfe5864458) Importer(815301076,1909f56bfc062723c751e8b465ee728b)
Start importing Assets/KayKit Mini-Game Variety Pack 1.2/Models/dae/slingshot_teamYellow.dae using Guid(fdf5134eef861394ebe8ddcfe5864458) Importer(815301076,1909f56bfc062723c751e8b465ee728b)  -> (artifact id: '66acdd8d93f2903723ea83a7af230629') in 0.031425 seconds
Number of updated asset objects reloaded before import = 0
Number of asset objects unloaded after import = 9
========================================================================
Received Import Request.
  Time since last request: 0.000020 seconds.
  path: Assets/KayKit Mini-Game Variety Pack 1.2/Models/fbx/star.fbx
  artifactKey: Guid(ed6abf26f8dae4f4792225eeada34980) Importer(815301076,1909f56bfc062723c751e8b465ee728b)
Start importing Assets/KayKit Mini-Game Variety Pack 1.2/Models/fbx/star.fbx using Guid(ed6abf26f8dae4f4792225eeada34980) Importer(815301076,1909f56bfc062723c751e8b465ee728b)  -> (artifact id: '042bcc18ef799d87b980d3daa600a57b') in 0.034885 seconds
Number of updated asset objects reloaded before import = 0
Number of asset objects unloaded after import = 8
========================================================================
Received Import Request.
  Time since last request: 20.206679 seconds.
  path: Assets/KayKit Mini-Game Variety Pack 1.2/Models/fbx/powerupBlock_teamRed.fbx
  artifactKey: Guid(e66a614f4e69ee443ad61d16cfa7a8f6) Importer(815301076,1909f56bfc062723c751e8b465ee728b)
Start importing Assets/KayKit Mini-Game Variety Pack 1.2/Models/fbx/powerupBlock_teamRed.fbx using Guid(e66a614f4e69ee443ad61d16cfa7a8f6) Importer(815301076,1909f56bfc062723c751e8b465ee728b)  -> (artifact id: 'ec6a29bd97ffdb9445e34d3971875d93') in 0.039592 seconds
Number of updated asset objects reloaded before import = 0
Number of asset objects unloaded after import = 9
========================================================================
Received Prepare
Begin MonoManager ReloadAssembly
- Loaded All Assemblies, in  0.574 seconds
Refreshing native plugins compatible for Editor in 5.00 ms, found 3 plugins.
Native extension for WindowsStandalone target not found
[Package Manager] Server::EnsureServerProcessIsRunning -- launch failed, reason: Unity was launched with the -noUpm command-line argument
[Package Manager] UpmClient::Send -- Unable to send message (not connected to UPM process).
[Package Manager] Cannot connect to Unity Package Manager local server
Mono: successfully reloaded assembly
- Finished resetting the current domain, in  1.282 seconds
Domain Reload Profiling: 1852ms
	BeginReloadAssembly (214ms)
		ExecutionOrderSort (0ms)
		DisableScriptedObjects (8ms)
		BackupInstance (0ms)
		ReleaseScriptingObjects (0ms)
		CreateAndSetChildDomain (42ms)
	RebuildCommonClasses (29ms)
	RebuildNativeTypeToScriptingClass (9ms)
	initialDomainReloadingComplete (46ms)
	LoadAllAssembliesAndSetupDomain (272ms)
		LoadAssemblies (381ms)
		RebuildTransferFunctionScriptingTraits (0ms)
		AnalyzeDomain (16ms)
			TypeCache.Refresh (9ms)
				TypeCache.ScanAssembly (0ms)
			ScanForSourceGeneratedMonoScriptInfo (0ms)
			ResolveRequiredComponents (5ms)
	FinalizeReload (1282ms)
		ReleaseScriptCaches (0ms)
		RebuildScriptCaches (0ms)
		SetupLoadedEditorAssemblies (655ms)
			LogAssemblyErrors (0ms)
			InitializePlatformSupportModulesInManaged (10ms)
			SetLoadedEditorAssemblies (5ms)
			RefreshPlugins (0ms)
			BeforeProcessingInitializeOnLoad (83ms)
			ProcessInitializeOnLoadAttributes (504ms)
			ProcessInitializeOnLoadMethodAttributes (39ms)
			AfterProcessingInitializeOnLoad (14ms)
			EditorAssembliesLoaded (0ms)
		ExecutionOrderSort2 (0ms)
		AwakeInstancesAfterBackupRestoration (12ms)
Refreshing native plugins compatible for Editor in 6.35 ms, found 3 plugins.
Preloading 0 native plugins for Editor in 0.00 ms.
Unloading 3085 Unused Serialized files (Serialized files now loaded: 0)
Unloading 23 unused Assets / (31.1 KB). Loaded Objects now: 3624.
Memory consumption went from 143.2 MB to 143.2 MB.
Total: 3.289105 ms (FindLiveObjects: 0.470032 ms CreateObjectMapping: 0.127810 ms MarkObjects: 2.563105 ms  DeleteObjects: 0.121175 ms)

Prepare: number of updated asset objects reloaded= 0
AssetImportParameters requested are different than current active one (requested -> active):
  custom:container-demuxer-ogg: 62fdf1f143b41e24485cea50d1cbac27 -> 
  custom:video-decoder-ogg-theora: a1e56fd34408186e4bbccfd4996cb3dc -> 
  custom:framework-win-MediaFoundation: 216162199b28c13a410421893ffa2e32 -> 
  custom:CustomObjectIndexerAttribute: 6d391050e5a25f67b0a2c618074f2cd9 -> 
  custom:container-demuxer-webm: 4f35f7cbe854078d1ac9338744f61a02 -> 
  custom:container-muxer-webm: aa71ff27fc2769a1b78a27578f13a17b -> 
  custom:video-decoder-webm-vp8: 9c59270c3fd7afecdb556c50c9e8de78 -> 
  custom:SearchIndexIgnoredProperties: e643bd26f0fe6173181afceb89e7c659 -> 
  custom:AudioImporter_EditorPlatform: d09bf68614088b80899f8185d706f6e7 -> 
  custom:video-encoder-webm-vp8: eb34c28f22e8b96e1ab97ce403110664 -> 
  custom:audio-decoder-ogg-vorbis: bf7c407c2cedff20999df2af8eb42d56 -> 
  custom:audio-encoder-webm-vorbis: bf7c407c2cedff20999df2af8eb42d56 -> 
========================================================================
Received Import Request.
  Time since last request: 28.527748 seconds.
  path: Assets/KayKit Mini-Game Variety Pack 1.2/Models/dae/tileSlopeMediumHigh_teamBlue.dae
  artifactKey: Guid(935f7f56e08d626489f59e066b46fcf1) Importer(815301076,1909f56bfc062723c751e8b465ee728b)
Start importing Assets/KayKit Mini-Game Variety Pack 1.2/Models/dae/tileSlopeMediumHigh_teamBlue.dae using Guid(935f7f56e08d626489f59e066b46fcf1) Importer(815301076,1909f56bfc062723c751e8b465ee728b)  -> (artifact id: '8c679b850e711c59686ad105c449ccf8') in 0.203080 seconds
Number of updated asset objects reloaded before import = 0
Number of asset objects unloaded after import = 9
========================================================================
Received Import Request.
  Time since last request: 0.000025 seconds.
  path: Assets/KayKit Mini-Game Variety Pack 1.2/Models/dae/tileSmall_forest.dae
  artifactKey: Guid(ddf1125d4b9132e4f8dbb4dff194777f) Importer(815301076,1909f56bfc062723c751e8b465ee728b)
Start importing Assets/KayKit Mini-Game Variety Pack 1.2/Models/dae/tileSmall_forest.dae using Guid(ddf1125d4b9132e4f8dbb4dff194777f) Importer(815301076,1909f56bfc062723c751e8b465ee728b)  -> (artifact id: 'b29e7b15049b250565e21bdd30fceecd') in 0.092489 seconds
Number of updated asset objects reloaded before import = 0
Number of asset objects unloaded after import = 9
========================================================================
Received Import Request.
  Time since last request: 0.000032 seconds.
  path: Assets/KayKit Mini-Game Variety Pack 1.2/Models/dae/tree_desert.dae
  artifactKey: Guid(e2ffbf2fd655c9d468eee41659737147) Importer(815301076,1909f56bfc062723c751e8b465ee728b)
Start importing Assets/KayKit Mini-Game Variety Pack 1.2/Models/dae/tree_desert.dae using Guid(e2ffbf2fd655c9d468eee41659737147) Importer(815301076,1909f56bfc062723c751e8b465ee728b)  -> (artifact id: 'ae09a277d73a6236fc7124ed8d3f88cb') in 0.024155 seconds
Number of updated asset objects reloaded before import = 0
Number of asset objects unloaded after import = 8
========================================================================
Received Import Request.
  Time since last request: 0.000022 seconds.
  path: Assets/KayKit Mini-Game Variety Pack 1.2/Models/dae/tileSlopeMediumHigh_teamRed.dae
  artifactKey: Guid(06dc6fb18ce032d4390a3ec2dccbb5af) Importer(815301076,1909f56bfc062723c751e8b465ee728b)
Start importing Assets/KayKit Mini-Game Variety Pack 1.2/Models/dae/tileSlopeMediumHigh_teamRed.dae using Guid(06dc6fb18ce032d4390a3ec2dccbb5af) Importer(815301076,1909f56bfc062723c751e8b465ee728b)  -> (artifact id: 'a217b55d43fec5f9f4e4ac7b87b7dbc5') in 0.030543 seconds
Number of updated asset objects reloaded before import = 0
Number of asset objects unloaded after import = 9
========================================================================
Received Import Request.
  Time since last request: 0.000021 seconds.
  path: Assets/KayKit Mini-Game Variety Pack 1.2/Models/fbx/tree_forest.fbx
  artifactKey: Guid(c1f82e4587ddbab408db3de0b6c46930) Importer(815301076,1909f56bfc062723c751e8b465ee728b)
Start importing Assets/KayKit Mini-Game Variety Pack 1.2/Models/fbx/tree_forest.fbx using Guid(c1f82e4587ddbab408db3de0b6c46930) Importer(815301076,1909f56bfc062723c751e8b465ee728b)  -> (artifact id: '027b0e917b4217cdb151682c87af9aa2') in 0.029520 seconds
Number of updated asset objects reloaded before import = 0
Number of asset objects unloaded after import = 9
========================================================================
Received Prepare
Begin MonoManager ReloadAssembly
- Loaded All Assemblies, in  0.540 seconds
Refreshing native plugins compatible for Editor in 4.57 ms, found 3 plugins.
Native extension for WindowsStandalone target not found
[Package Manager] Server::EnsureServerProcessIsRunning -- launch failed, reason: Unity was launched with the -noUpm command-line argument
[Package Manager] UpmClient::Send -- Unable to send message (not connected to UPM process).
[Package Manager] Cannot connect to Unity Package Manager local server
Mono: successfully reloaded assembly
- Finished resetting the current domain, in  1.214 seconds
Domain Reload Profiling: 1751ms
	BeginReloadAssembly (206ms)
		ExecutionOrderSort (0ms)
		DisableScriptedObjects (9ms)
		BackupInstance (0ms)
		ReleaseScriptingObjects (0ms)
		CreateAndSetChildDomain (39ms)
	RebuildCommonClasses (39ms)
	RebuildNativeTypeToScriptingClass (9ms)
	initialDomainReloadingComplete (43ms)
	LoadAllAssembliesAndSetupDomain (238ms)
		LoadAssemblies (347ms)
		RebuildTransferFunctionScriptingTraits (0ms)
		AnalyzeDomain (11ms)
			TypeCache.Refresh (4ms)
				TypeCache.ScanAssembly (0ms)
			ScanForSourceGeneratedMonoScriptInfo (0ms)
			ResolveRequiredComponents (5ms)
	FinalizeReload (1215ms)
		ReleaseScriptCaches (0ms)
		RebuildScriptCaches (0ms)
		SetupLoadedEditorAssemblies (610ms)
			LogAssemblyErrors (0ms)
			InitializePlatformSupportModulesInManaged (10ms)
			SetLoadedEditorAssemblies (5ms)
			RefreshPlugins (0ms)
			BeforeProcessingInitializeOnLoad (83ms)
			ProcessInitializeOnLoadAttributes (464ms)
			ProcessInitializeOnLoadMethodAttributes (36ms)
			AfterProcessingInitializeOnLoad (13ms)
			EditorAssembliesLoaded (0ms)
		ExecutionOrderSort2 (0ms)
		AwakeInstancesAfterBackupRestoration (13ms)
Refreshing native plugins compatible for Editor in 4.90 ms, found 3 plugins.
Preloading 0 native plugins for Editor in 0.00 ms.
Unloading 3085 Unused Serialized files (Serialized files now loaded: 0)
Unloading 23 unused Assets / (31.1 KB). Loaded Objects now: 3627.
Memory consumption went from 145.2 MB to 145.1 MB.
Total: 2.930540 ms (FindLiveObjects: 0.257156 ms CreateObjectMapping: 0.185079 ms MarkObjects: 2.419651 ms  DeleteObjects: 0.061111 ms)

Prepare: number of updated asset objects reloaded= 0
AssetImportParameters requested are different than current active one (requested -> active):
  custom:container-demuxer-ogg: 62fdf1f143b41e24485cea50d1cbac27 -> 
  custom:video-decoder-ogg-theora: a1e56fd34408186e4bbccfd4996cb3dc -> 
  custom:framework-win-MediaFoundation: 216162199b28c13a410421893ffa2e32 -> 
  custom:CustomObjectIndexerAttribute: 6d391050e5a25f67b0a2c618074f2cd9 -> 
  custom:container-demuxer-webm: 4f35f7cbe854078d1ac9338744f61a02 -> 
  custom:container-muxer-webm: aa71ff27fc2769a1b78a27578f13a17b -> 
  custom:video-decoder-webm-vp8: 9c59270c3fd7afecdb556c50c9e8de78 -> 
  custom:SearchIndexIgnoredProperties: e643bd26f0fe6173181afceb89e7c659 -> 
  custom:AudioImporter_EditorPlatform: d09bf68614088b80899f8185d706f6e7 -> 
  custom:video-encoder-webm-vp8: eb34c28f22e8b96e1ab97ce403110664 -> 
  custom:audio-decoder-ogg-vorbis: bf7c407c2cedff20999df2af8eb42d56 -> 
  custom:audio-encoder-webm-vorbis: bf7c407c2cedff20999df2af8eb42d56 -> 
========================================================================
Received Prepare
Begin MonoManager ReloadAssembly
- Loaded All Assemblies, in  0.530 seconds
Refreshing native plugins compatible for Editor in 4.51 ms, found 3 plugins.
Native extension for WindowsStandalone target not found
[Package Manager] Server::EnsureServerProcessIsRunning -- launch failed, reason: Unity was launched with the -noUpm command-line argument
[Package Manager] UpmClient::Send -- Unable to send message (not connected to UPM process).
[Package Manager] Cannot connect to Unity Package Manager local server
Mono: successfully reloaded assembly
- Finished resetting the current domain, in  1.222 seconds
Domain Reload Profiling: 1748ms
	BeginReloadAssembly (203ms)
		ExecutionOrderSort (0ms)
		DisableScriptedObjects (9ms)
		BackupInstance (0ms)
		ReleaseScriptingObjects (0ms)
		CreateAndSetChildDomain (38ms)
	RebuildCommonClasses (30ms)
	RebuildNativeTypeToScriptingClass (8ms)
	initialDomainReloadingComplete (42ms)
	LoadAllAssembliesAndSetupDomain (242ms)
		LoadAssemblies (346ms)
		RebuildTransferFunctionScriptingTraits (0ms)
		AnalyzeDomain (12ms)
			TypeCache.Refresh (5ms)
				TypeCache.ScanAssembly (0ms)
			ScanForSourceGeneratedMonoScriptInfo (0ms)
			ResolveRequiredComponents (5ms)
	FinalizeReload (1222ms)
		ReleaseScriptCaches (0ms)
		RebuildScriptCaches (0ms)
		SetupLoadedEditorAssemblies (621ms)
			LogAssemblyErrors (0ms)
			InitializePlatformSupportModulesInManaged (10ms)
			SetLoadedEditorAssemblies (6ms)
			RefreshPlugins (0ms)
			BeforeProcessingInitializeOnLoad (85ms)
			ProcessInitializeOnLoadAttributes (471ms)
			ProcessInitializeOnLoadMethodAttributes (36ms)
			AfterProcessingInitializeOnLoad (13ms)
			EditorAssembliesLoaded (0ms)
		ExecutionOrderSort2 (0ms)
		AwakeInstancesAfterBackupRestoration (12ms)
Refreshing native plugins compatible for Editor in 5.15 ms, found 3 plugins.
Preloading 0 native plugins for Editor in 0.00 ms.
Unloading 3086 Unused Serialized files (Serialized files now loaded: 0)
Unloading 23 unused Assets / (31.1 KB). Loaded Objects now: 3630.
Memory consumption went from 147.3 MB to 147.3 MB.
Total: 2.954077 ms (FindLiveObjects: 0.254292 ms CreateObjectMapping: 0.176419 ms MarkObjects: 2.445772 ms  DeleteObjects: 0.069562 ms)

Prepare: number of updated asset objects reloaded= 0
AssetImportParameters requested are different than current active one (requested -> active):
  custom:container-demuxer-ogg: 62fdf1f143b41e24485cea50d1cbac27 -> 
  custom:video-decoder-ogg-theora: a1e56fd34408186e4bbccfd4996cb3dc -> 
  custom:framework-win-MediaFoundation: 216162199b28c13a410421893ffa2e32 -> 
  custom:CustomObjectIndexerAttribute: 6d391050e5a25f67b0a2c618074f2cd9 -> 
  custom:container-demuxer-webm: 4f35f7cbe854078d1ac9338744f61a02 -> 
  custom:container-muxer-webm: aa71ff27fc2769a1b78a27578f13a17b -> 
  custom:video-decoder-webm-vp8: 9c59270c3fd7afecdb556c50c9e8de78 -> 
  custom:SearchIndexIgnoredProperties: e643bd26f0fe6173181afceb89e7c659 -> 
  custom:AudioImporter_EditorPlatform: d09bf68614088b80899f8185d706f6e7 -> 
  custom:video-encoder-webm-vp8: eb34c28f22e8b96e1ab97ce403110664 -> 
  custom:audio-decoder-ogg-vorbis: bf7c407c2cedff20999df2af8eb42d56 -> 
  custom:audio-encoder-webm-vorbis: bf7c407c2cedff20999df2af8eb42d56 -> 
========================================================================
Received Prepare
Begin MonoManager ReloadAssembly
- Loaded All Assemblies, in  0.600 seconds
Refreshing native plugins compatible for Editor in 4.70 ms, found 3 plugins.
Native extension for WindowsStandalone target not found
[Package Manager] Server::EnsureServerProcessIsRunning -- launch failed, reason: Unity was launched with the -noUpm command-line argument
[Package Manager] UpmClient::Send -- Unable to send message (not connected to UPM process).
[Package Manager] Cannot connect to Unity Package Manager local server
Mono: successfully reloaded assembly
- Finished resetting the current domain, in  1.209 seconds
Domain Reload Profiling: 1805ms
	BeginReloadAssembly (217ms)
		ExecutionOrderSort (0ms)
		DisableScriptedObjects (10ms)
		BackupInstance (0ms)
		ReleaseScriptingObjects (0ms)
		CreateAndSetChildDomain (42ms)
	RebuildCommonClasses (30ms)
	RebuildNativeTypeToScriptingClass (9ms)
	initialDomainReloadingComplete (47ms)
	LoadAllAssembliesAndSetupDomain (293ms)
		LoadAssemblies (407ms)
		RebuildTransferFunctionScriptingTraits (0ms)
		AnalyzeDomain (11ms)
			TypeCache.Refresh (4ms)
				TypeCache.ScanAssembly (0ms)
			ScanForSourceGeneratedMonoScriptInfo (0ms)
			ResolveRequiredComponents (5ms)
	FinalizeReload (1210ms)
		ReleaseScriptCaches (0ms)
		RebuildScriptCaches (0ms)
		SetupLoadedEditorAssemblies (606ms)
			LogAssemblyErrors (0ms)
			InitializePlatformSupportModulesInManaged (11ms)
			SetLoadedEditorAssemblies (4ms)
			RefreshPlugins (0ms)
			BeforeProcessingInitializeOnLoad (83ms)
			ProcessInitializeOnLoadAttributes (460ms)
			ProcessInitializeOnLoadMethodAttributes (36ms)
			AfterProcessingInitializeOnLoad (12ms)
			EditorAssembliesLoaded (0ms)
		ExecutionOrderSort2 (0ms)
		AwakeInstancesAfterBackupRestoration (11ms)
Refreshing native plugins compatible for Editor in 4.40 ms, found 3 plugins.
Preloading 0 native plugins for Editor in 0.00 ms.
Unloading 3086 Unused Serialized files (Serialized files now loaded: 0)
Unloading 23 unused Assets / (31.1 KB). Loaded Objects now: 3633.
Memory consumption went from 149.3 MB to 149.3 MB.
Total: 2.943810 ms (FindLiveObjects: 0.275244 ms CreateObjectMapping: 0.191575 ms MarkObjects: 2.412667 ms  DeleteObjects: 0.057619 ms)

Prepare: number of updated asset objects reloaded= 0
AssetImportParameters requested are different than current active one (requested -> active):
  custom:container-demuxer-ogg: 62fdf1f143b41e24485cea50d1cbac27 -> 
  custom:video-decoder-ogg-theora: a1e56fd34408186e4bbccfd4996cb3dc -> 
  custom:framework-win-MediaFoundation: 216162199b28c13a410421893ffa2e32 -> 
  custom:CustomObjectIndexerAttribute: 6d391050e5a25f67b0a2c618074f2cd9 -> 
  custom:container-demuxer-webm: 4f35f7cbe854078d1ac9338744f61a02 -> 
  custom:container-muxer-webm: aa71ff27fc2769a1b78a27578f13a17b -> 
  custom:video-decoder-webm-vp8: 9c59270c3fd7afecdb556c50c9e8de78 -> 
  custom:SearchIndexIgnoredProperties: e643bd26f0fe6173181afceb89e7c659 -> 
  custom:AudioImporter_EditorPlatform: d09bf68614088b80899f8185d706f6e7 -> 
  custom:video-encoder-webm-vp8: eb34c28f22e8b96e1ab97ce403110664 -> 
  custom:audio-decoder-ogg-vorbis: bf7c407c2cedff20999df2af8eb42d56 -> 
  custom:audio-encoder-webm-vorbis: bf7c407c2cedff20999df2af8eb42d56 -> 
========================================================================
Received Prepare
Begin MonoManager ReloadAssembly
- Loaded All Assemblies, in  0.529 seconds
Refreshing native plugins compatible for Editor in 4.24 ms, found 3 plugins.
Native extension for WindowsStandalone target not found
[Package Manager] Server::EnsureServerProcessIsRunning -- launch failed, reason: Unity was launched with the -noUpm command-line argument
[Package Manager] UpmClient::Send -- Unable to send message (not connected to UPM process).
[Package Manager] Cannot connect to Unity Package Manager local server
Mono: successfully reloaded assembly
- Finished resetting the current domain, in  1.205 seconds
Domain Reload Profiling: 1730ms
	BeginReloadAssembly (205ms)
		ExecutionOrderSort (0ms)
		DisableScriptedObjects (10ms)
		BackupInstance (0ms)
		ReleaseScriptingObjects (0ms)
		CreateAndSetChildDomain (41ms)
	RebuildCommonClasses (29ms)
	RebuildNativeTypeToScriptingClass (8ms)
	initialDomainReloadingComplete (44ms)
	LoadAllAssembliesAndSetupDomain (237ms)
		LoadAssemblies (340ms)
		RebuildTransferFunctionScriptingTraits (0ms)
		AnalyzeDomain (12ms)
			TypeCache.Refresh (5ms)
				TypeCache.ScanAssembly (0ms)
			ScanForSourceGeneratedMonoScriptInfo (0ms)
			ResolveRequiredComponents (5ms)
	FinalizeReload (1206ms)
		ReleaseScriptCaches (0ms)
		RebuildScriptCaches (0ms)
		SetupLoadedEditorAssemblies (596ms)
			LogAssemblyErrors (0ms)
			InitializePlatformSupportModulesInManaged (11ms)
			SetLoadedEditorAssemblies (4ms)
			RefreshPlugins (0ms)
			BeforeProcessingInitializeOnLoad (82ms)
			ProcessInitializeOnLoadAttributes (451ms)
			ProcessInitializeOnLoadMethodAttributes (35ms)
			AfterProcessingInitializeOnLoad (13ms)
			EditorAssembliesLoaded (0ms)
		ExecutionOrderSort2 (0ms)
		AwakeInstancesAfterBackupRestoration (11ms)
Refreshing native plugins compatible for Editor in 5.28 ms, found 3 plugins.
Preloading 0 native plugins for Editor in 0.00 ms.
Unloading 3086 Unused Serialized files (Serialized files now loaded: 0)
Unloading 23 unused Assets / (31.2 KB). Loaded Objects now: 3636.
Memory consumption went from 151.2 MB to 151.2 MB.
Total: 3.156407 ms (FindLiveObjects: 0.268330 ms CreateObjectMapping: 0.186895 ms MarkObjects: 2.625823 ms  DeleteObjects: 0.068654 ms)

Prepare: number of updated asset objects reloaded= 0
AssetImportParameters requested are different than current active one (requested -> active):
  custom:container-demuxer-ogg: 62fdf1f143b41e24485cea50d1cbac27 -> 
  custom:video-decoder-ogg-theora: a1e56fd34408186e4bbccfd4996cb3dc -> 
  custom:framework-win-MediaFoundation: 216162199b28c13a410421893ffa2e32 -> 
  custom:CustomObjectIndexerAttribute: 6d391050e5a25f67b0a2c618074f2cd9 -> 
  custom:container-demuxer-webm: 4f35f7cbe854078d1ac9338744f61a02 -> 
  custom:container-muxer-webm: aa71ff27fc2769a1b78a27578f13a17b -> 
  custom:video-decoder-webm-vp8: 9c59270c3fd7afecdb556c50c9e8de78 -> 
  custom:SearchIndexIgnoredProperties: e643bd26f0fe6173181afceb89e7c659 -> 
  custom:AudioImporter_EditorPlatform: d09bf68614088b80899f8185d706f6e7 -> 
  custom:video-encoder-webm-vp8: eb34c28f22e8b96e1ab97ce403110664 -> 
  custom:audio-decoder-ogg-vorbis: bf7c407c2cedff20999df2af8eb42d56 -> 
  custom:audio-encoder-webm-vorbis: bf7c407c2cedff20999df2af8eb42d56 -> 
