Using pre-set license
Built from '2022.3/release' branch; Version is '2022.3.20f1 (61c2feb0970d) revision 6406910'; Using compiler version '192829333'; Build Type 'Release'
OS: 'Windows 10  (10.0.19045) 64bit Core' Language: 'es' Physical Memory: 16172 MB
BatchMode: 1, IsHumanControllingUs: 0, StartBugReporterOnCrash: 0, Is64bit: 1, IsPro: 1

COMMAND LINE ARGUMENTS:
C:\Program Files\Unity\Hub\Editor\2022.3.20f1\Editor\Unity.exe
-adb2
-batchMode
-noUpm
-name
AssetImportWorker8
-projectPath
C:/Users/Alvaro/Desktop/TFG
-logFile
Logs/AssetImportWorker8.log
-srvPort
51470
Successfully changed project path to: C:/Users/Alvaro/Desktop/TFG
C:/Users/Alvaro/Desktop/TFG
[UnityMemory] Configuration Parameters - Can be set up in boot.config
    "memorysetup-bucket-allocator-granularity=16"
    "memorysetup-bucket-allocator-bucket-count=8"
    "memorysetup-bucket-allocator-block-size=33554432"
    "memorysetup-bucket-allocator-block-count=8"
    "memorysetup-main-allocator-block-size=16777216"
    "memorysetup-thread-allocator-block-size=16777216"
    "memorysetup-gfx-main-allocator-block-size=16777216"
    "memorysetup-gfx-thread-allocator-block-size=16777216"
    "memorysetup-cache-allocator-block-size=4194304"
    "memorysetup-typetree-allocator-block-size=2097152"
    "memorysetup-profiler-bucket-allocator-granularity=16"
    "memorysetup-profiler-bucket-allocator-bucket-count=8"
    "memorysetup-profiler-bucket-allocator-block-size=33554432"
    "memorysetup-profiler-bucket-allocator-block-count=8"
    "memorysetup-profiler-allocator-block-size=16777216"
    "memorysetup-profiler-editor-allocator-block-size=1048576"
    "memorysetup-temp-allocator-size-main=16777216"
    "memorysetup-job-temp-allocator-block-size=2097152"
    "memorysetup-job-temp-allocator-block-size-background=1048576"
    "memorysetup-job-temp-allocator-reduction-small-platforms=262144"
    "memorysetup-allocator-temp-initial-block-size-main=262144"
    "memorysetup-allocator-temp-initial-block-size-worker=262144"
    "memorysetup-temp-allocator-size-background-worker=32768"
    "memorysetup-temp-allocator-size-job-worker=262144"
    "memorysetup-temp-allocator-size-preload-manager=33554432"
    "memorysetup-temp-allocator-size-nav-mesh-worker=65536"
    "memorysetup-temp-allocator-size-audio-worker=65536"
    "memorysetup-temp-allocator-size-cloud-worker=32768"
    "memorysetup-temp-allocator-size-gi-baking-worker=262144"
    "memorysetup-temp-allocator-size-gfx=262144"
Player connection [22412] Host "[IP] 192.168.18.175 [Port] 0 [Flags] 2 [Guid] 3036889911 [EditorId] 3036889911 [Version] 1048832 [Id] WindowsEditor(7,DESKTOP-HFLLRU5) [Debug] 1 [PackageName] WindowsEditor [ProjectName] Editor" joined multi-casting on [225.0.0.222:54997]...

Player connection [22412] Host "[IP] 192.168.18.175 [Port] 0 [Flags] 2 [Guid] 3036889911 [EditorId] 3036889911 [Version] 1048832 [Id] WindowsEditor(7,DESKTOP-HFLLRU5) [Debug] 1 [PackageName] WindowsEditor [ProjectName] Editor" joined alternative multi-casting on [225.0.0.222:34997]...

[Physics::Module] Initialized MultithreadedJobDispatcher with 11 workers.
Refreshing native plugins compatible for Editor in 12.96 ms, found 3 plugins.
Preloading 0 native plugins for Editor in 0.00 ms.
Initialize engine version: 2022.3.20f1 (61c2feb0970d)
[Subsystems] Discovering subsystems at path C:/Program Files/Unity/Hub/Editor/2022.3.20f1/Editor/Data/Resources/UnitySubsystems
[Subsystems] Discovering subsystems at path C:/Users/Alvaro/Desktop/TFG/Assets
GfxDevice: creating device client; threaded=0; jobified=0
Direct3D:
    Version:  Direct3D 11.0 [level 11.1]
    Renderer: NVIDIA GeForce RTX 3070 (ID=0x2484)
    Vendor:   NVIDIA
    VRAM:     8031 MB
    Driver:   31.0.15.3623
Initialize mono
Mono path[0] = 'C:/Program Files/Unity/Hub/Editor/2022.3.20f1/Editor/Data/Managed'
Mono path[1] = 'C:/Program Files/Unity/Hub/Editor/2022.3.20f1/Editor/Data/MonoBleedingEdge/lib/mono/unityjit-win32'
Mono config path = 'C:/Program Files/Unity/Hub/Editor/2022.3.20f1/Editor/Data/MonoBleedingEdge/etc'
Using monoOptions --debugger-agent=transport=dt_socket,embedding=1,server=y,suspend=n,address=127.0.0.1:56596
Begin MonoManager ReloadAssembly
Registering precompiled unity dll's ...
Register platform support module: C:/Program Files/Unity/Hub/Editor/2022.3.20f1/Editor/Data/PlaybackEngines/WindowsStandaloneSupport/UnityEditor.WindowsStandalone.Extensions.dll
Registered in 0.011071 seconds.
- Loaded All Assemblies, in  0.379 seconds
Native extension for WindowsStandalone target not found
Mono: successfully reloaded assembly
- Finished resetting the current domain, in  0.390 seconds
Domain Reload Profiling: 766ms
	BeginReloadAssembly (145ms)
		ExecutionOrderSort (0ms)
		DisableScriptedObjects (0ms)
		BackupInstance (0ms)
		ReleaseScriptingObjects (0ms)
		CreateAndSetChildDomain (1ms)
	RebuildCommonClasses (29ms)
	RebuildNativeTypeToScriptingClass (8ms)
	initialDomainReloadingComplete (82ms)
	LoadAllAssembliesAndSetupDomain (112ms)
		LoadAssemblies (141ms)
		RebuildTransferFunctionScriptingTraits (0ms)
		AnalyzeDomain (109ms)
			TypeCache.Refresh (108ms)
				TypeCache.ScanAssembly (97ms)
			ScanForSourceGeneratedMonoScriptInfo (0ms)
			ResolveRequiredComponents (1ms)
	FinalizeReload (391ms)
		ReleaseScriptCaches (0ms)
		RebuildScriptCaches (0ms)
		SetupLoadedEditorAssemblies (321ms)
			LogAssemblyErrors (0ms)
			InitializePlatformSupportModulesInManaged (15ms)
			SetLoadedEditorAssemblies (9ms)
			RefreshPlugins (0ms)
			BeforeProcessingInitializeOnLoad (4ms)
			ProcessInitializeOnLoadAttributes (216ms)
			ProcessInitializeOnLoadMethodAttributes (77ms)
			AfterProcessingInitializeOnLoad (0ms)
			EditorAssembliesLoaded (0ms)
		ExecutionOrderSort2 (0ms)
		AwakeInstancesAfterBackupRestoration (0ms)
========================================================================
Worker process is ready to serve import requests
Begin MonoManager ReloadAssembly
- Loaded All Assemblies, in  0.662 seconds
Refreshing native plugins compatible for Editor in 4.29 ms, found 3 plugins.
Native extension for WindowsStandalone target not found
Package Manager log level set to [2]
[Package Manager] Server::EnsureServerProcessIsRunning -- launch failed, reason: Unity was launched with the -noUpm command-line argument
[Package Manager] UpmClient::Send -- Unable to send message (not connected to UPM process).
[Package Manager] Cannot connect to Unity Package Manager local server
Mono: successfully reloaded assembly
- Finished resetting the current domain, in  0.732 seconds
Domain Reload Profiling: 1391ms
	BeginReloadAssembly (192ms)
		ExecutionOrderSort (0ms)
		DisableScriptedObjects (9ms)
		BackupInstance (0ms)
		ReleaseScriptingObjects (0ms)
		CreateAndSetChildDomain (24ms)
	RebuildCommonClasses (28ms)
	RebuildNativeTypeToScriptingClass (8ms)
	initialDomainReloadingComplete (60ms)
	LoadAllAssembliesAndSetupDomain (370ms)
		LoadAssemblies (343ms)
		RebuildTransferFunctionScriptingTraits (0ms)
		AnalyzeDomain (140ms)
			TypeCache.Refresh (119ms)
				TypeCache.ScanAssembly (107ms)
			ScanForSourceGeneratedMonoScriptInfo (15ms)
			ResolveRequiredComponents (4ms)
	FinalizeReload (733ms)
		ReleaseScriptCaches (0ms)
		RebuildScriptCaches (0ms)
		SetupLoadedEditorAssemblies (571ms)
			LogAssemblyErrors (0ms)
			InitializePlatformSupportModulesInManaged (10ms)
			SetLoadedEditorAssemblies (4ms)
			RefreshPlugins (0ms)
			BeforeProcessingInitializeOnLoad (71ms)
			ProcessInitializeOnLoadAttributes (444ms)
			ProcessInitializeOnLoadMethodAttributes (31ms)
			AfterProcessingInitializeOnLoad (11ms)
			EditorAssembliesLoaded (0ms)
		ExecutionOrderSort2 (0ms)
		AwakeInstancesAfterBackupRestoration (9ms)
Launched and connected shader compiler UnityShaderCompiler.exe after 0.05 seconds
Refreshing native plugins compatible for Editor in 4.22 ms, found 3 plugins.
Preloading 0 native plugins for Editor in 0.00 ms.
Unloading 3093 Unused Serialized files (Serialized files now loaded: 0)
Unloading 31 unused Assets / (29.7 KB). Loaded Objects now: 3577.
Memory consumption went from 137.7 MB to 137.7 MB.
Total: 2.737848 ms (FindLiveObjects: 0.237181 ms CreateObjectMapping: 0.169784 ms MarkObjects: 2.267956 ms  DeleteObjects: 0.055314 ms)

AssetImportParameters requested are different than current active one (requested -> active):
  custom:container-demuxer-ogg: 62fdf1f143b41e24485cea50d1cbac27 -> 
  custom:video-decoder-ogg-theora: a1e56fd34408186e4bbccfd4996cb3dc -> 
  custom:framework-win-MediaFoundation: 216162199b28c13a410421893ffa2e32 -> 
  custom:CustomObjectIndexerAttribute: 6d391050e5a25f67b0a2c618074f2cd9 -> 
  custom:container-demuxer-webm: 4f35f7cbe854078d1ac9338744f61a02 -> 
  custom:container-muxer-webm: aa71ff27fc2769a1b78a27578f13a17b -> 
  custom:video-decoder-webm-vp8: 9c59270c3fd7afecdb556c50c9e8de78 -> 
  custom:SearchIndexIgnoredProperties: e643bd26f0fe6173181afceb89e7c659 -> 
  custom:AudioImporter_EditorPlatform: d09bf68614088b80899f8185d706f6e7 -> 
  custom:video-encoder-webm-vp8: eb34c28f22e8b96e1ab97ce403110664 -> 
  custom:audio-decoder-ogg-vorbis: bf7c407c2cedff20999df2af8eb42d56 -> 
  custom:audio-encoder-webm-vorbis: bf7c407c2cedff20999df2af8eb42d56 -> 
========================================================================
Received Import Request.
  Time since last request: 12655.915943 seconds.
  path: Assets/KayKit Mini-Game Variety Pack 1.2/Models/dae/tileLarge_forest.dae
  artifactKey: Guid(955d878212e179e4586f4c649d233c57) Importer(815301076,1909f56bfc062723c751e8b465ee728b)
Start importing Assets/KayKit Mini-Game Variety Pack 1.2/Models/dae/tileLarge_forest.dae using Guid(955d878212e179e4586f4c649d233c57) Importer(815301076,1909f56bfc062723c751e8b465ee728b)  -> (artifact id: '34554cae8be144f5efc0cd48b693ee32') in 0.201663 seconds
Number of updated asset objects reloaded before import = 0
Number of asset objects unloaded after import = 9
========================================================================
Received Import Request.
  Time since last request: 3.087408 seconds.
  path: Assets/KayKit Mini-Game Variety Pack 1.2/Models/dae/bomb_teamYellow.dae
  artifactKey: Guid(9b0647cd5ee5a4a4d947fd8b312f2012) Importer(815301076,1909f56bfc062723c751e8b465ee728b)
Start importing Assets/KayKit Mini-Game Variety Pack 1.2/Models/dae/bomb_teamYellow.dae using Guid(9b0647cd5ee5a4a4d947fd8b312f2012) Importer(815301076,1909f56bfc062723c751e8b465ee728b)  -> (artifact id: 'aa54f2c7285e87671e6870ffeed47d4f') in 0.034670 seconds
Number of updated asset objects reloaded before import = 0
Number of asset objects unloaded after import = 10
========================================================================
Received Import Request.
  Time since last request: 0.000025 seconds.
  path: Assets/KayKit Mini-Game Variety Pack 1.2/Models/obj/bomb_teamYellow.obj
  artifactKey: Guid(0544bd8a25f42c34b8648815533f553e) Importer(815301076,1909f56bfc062723c751e8b465ee728b)
Start importing Assets/KayKit Mini-Game Variety Pack 1.2/Models/obj/bomb_teamYellow.obj using Guid(0544bd8a25f42c34b8648815533f553e) Importer(815301076,1909f56bfc062723c751e8b465ee728b)  -> (artifact id: '9eb08b0f53fdceb5aa1e4549675a82ac') in 0.043366 seconds
Number of updated asset objects reloaded before import = 0
Number of asset objects unloaded after import = 12
========================================================================
Received Import Request.
  Time since last request: 0.000034 seconds.
  path: Assets/KayKit Mini-Game Variety Pack 1.2/Models/obj/tileSlopeMediumHigh_desert.obj
  artifactKey: Guid(6d7942c21a5d31d47b2840679790389c) Importer(815301076,1909f56bfc062723c751e8b465ee728b)
Start importing Assets/KayKit Mini-Game Variety Pack 1.2/Models/obj/tileSlopeMediumHigh_desert.obj using Guid(6d7942c21a5d31d47b2840679790389c) Importer(815301076,1909f56bfc062723c751e8b465ee728b)  -> (artifact id: '23dadbbe4439d18675af6ed9cf8b180b') in 0.046711 seconds
Number of updated asset objects reloaded before import = 0
Number of asset objects unloaded after import = 11
========================================================================
Received Import Request.
  Time since last request: 12.166929 seconds.
  path: Assets/KayKit Mini-Game Variety Pack 1.2/Models/Characters/Bear/dae/character_bear.dae
  artifactKey: Guid(f7373e893708d0147bb0176e3dce60a7) Importer(815301076,1909f56bfc062723c751e8b465ee728b)
Start importing Assets/KayKit Mini-Game Variety Pack 1.2/Models/Characters/Bear/dae/character_bear.dae using Guid(f7373e893708d0147bb0176e3dce60a7) Importer(815301076,1909f56bfc062723c751e8b465ee728b)  -> (artifact id: '1828ef0f837009f69c61ffab124f1c03') in 0.062750 seconds
Number of updated asset objects reloaded before import = 0
Number of asset objects unloaded after import = 24
========================================================================
Received Import Request.
  Time since last request: 7.116405 seconds.
  path: Assets/KayKit Mini-Game Variety Pack 1.2/Models/Characters/Duck/dae/character_duck.dae
  artifactKey: Guid(62df2fdd983cc33489f659c1cfad3cd1) Importer(815301076,1909f56bfc062723c751e8b465ee728b)
Start importing Assets/KayKit Mini-Game Variety Pack 1.2/Models/Characters/Duck/dae/character_duck.dae using Guid(62df2fdd983cc33489f659c1cfad3cd1) Importer(815301076,1909f56bfc062723c751e8b465ee728b)  -> (artifact id: 'a1bfdca18cbdd18175e2a1beaad2b1ec') in 0.166649 seconds
Number of updated asset objects reloaded before import = 0
Number of asset objects unloaded after import = 25
========================================================================
Received Import Request.
  Time since last request: 1.094843 seconds.
  path: Assets/KayKit Mini-Game Variety Pack 1.2/Models/dae/button_teamYellow.dae
  artifactKey: Guid(8d74fd8a5f4df6c42914f61a98fbca17) Importer(815301076,1909f56bfc062723c751e8b465ee728b)
Start importing Assets/KayKit Mini-Game Variety Pack 1.2/Models/dae/button_teamYellow.dae using Guid(8d74fd8a5f4df6c42914f61a98fbca17) Importer(815301076,1909f56bfc062723c751e8b465ee728b)  -> (artifact id: 'f4df90f983d5d75ce6f603550e061237') in 0.040895 seconds
Number of updated asset objects reloaded before import = 0
Number of asset objects unloaded after import = 9
========================================================================
Received Import Request.
  Time since last request: 0.422580 seconds.
  path: Assets/KayKit Mini-Game Variety Pack 1.2/Models/fbx/button_teamRed.fbx
  artifactKey: Guid(498afa5290c24464d961ba6672e02ae7) Importer(815301076,1909f56bfc062723c751e8b465ee728b)
Start importing Assets/KayKit Mini-Game Variety Pack 1.2/Models/fbx/button_teamRed.fbx using Guid(498afa5290c24464d961ba6672e02ae7) Importer(815301076,1909f56bfc062723c751e8b465ee728b)  -> (artifact id: '388eb062db8b7649bac117a370b1d6bb') in 0.022904 seconds
Number of updated asset objects reloaded before import = 0
Number of asset objects unloaded after import = 9
========================================================================
Received Import Request.
  Time since last request: 0.018359 seconds.
  path: Assets/KayKit Mini-Game Variety Pack 1.2/Models/dae/button_teamBlue.dae
  artifactKey: Guid(9eb312b12088c5f4484ab9b289d6f418) Importer(815301076,1909f56bfc062723c751e8b465ee728b)
Start importing Assets/KayKit Mini-Game Variety Pack 1.2/Models/dae/button_teamBlue.dae using Guid(9eb312b12088c5f4484ab9b289d6f418) Importer(815301076,1909f56bfc062723c751e8b465ee728b)  -> (artifact id: 'f88f6901216da8071d8e90cb682d0785') in 0.027428 seconds
Number of updated asset objects reloaded before import = 0
Number of asset objects unloaded after import = 9
========================================================================
Received Import Request.
  Time since last request: 0.057452 seconds.
  path: Assets/KayKit Mini-Game Variety Pack 1.2/Models/fbx/bow_teamYellow.fbx
  artifactKey: Guid(031bc4de790580346833830d99092e0f) Importer(815301076,1909f56bfc062723c751e8b465ee728b)
Start importing Assets/KayKit Mini-Game Variety Pack 1.2/Models/fbx/bow_teamYellow.fbx using Guid(031bc4de790580346833830d99092e0f) Importer(815301076,1909f56bfc062723c751e8b465ee728b)  -> (artifact id: '089fe80a04eb297c4e935426e807f841') in 0.025691 seconds
Number of updated asset objects reloaded before import = 0
Number of asset objects unloaded after import = 10
========================================================================
Received Import Request.
  Time since last request: 0.109659 seconds.
  path: Assets/KayKit Mini-Game Variety Pack 1.2/Models/fbx/bow_teamRed.fbx
  artifactKey: Guid(91200881ee6391840ab33eba0230aa5b) Importer(815301076,1909f56bfc062723c751e8b465ee728b)
Start importing Assets/KayKit Mini-Game Variety Pack 1.2/Models/fbx/bow_teamRed.fbx using Guid(91200881ee6391840ab33eba0230aa5b) Importer(815301076,1909f56bfc062723c751e8b465ee728b)  -> (artifact id: 'e7bf84cc4c06aa22e27e93d4099fc174') in 0.026239 seconds
Number of updated asset objects reloaded before import = 0
Number of asset objects unloaded after import = 10
========================================================================
Received Import Request.
  Time since last request: 0.477047 seconds.
  path: Assets/KayKit Mini-Game Variety Pack 1.2/Models/fbx/bow_teamBlue.fbx
  artifactKey: Guid(27a6550b7fa67cc4a8c36476bfc4a792) Importer(815301076,1909f56bfc062723c751e8b465ee728b)
Start importing Assets/KayKit Mini-Game Variety Pack 1.2/Models/fbx/bow_teamBlue.fbx using Guid(27a6550b7fa67cc4a8c36476bfc4a792) Importer(815301076,1909f56bfc062723c751e8b465ee728b)  -> (artifact id: 'cac32d6e8181ea06216ca0b366bb13b7') in 0.025537 seconds
Number of updated asset objects reloaded before import = 0
Number of asset objects unloaded after import = 10
========================================================================
Received Import Request.
  Time since last request: 0.038400 seconds.
  path: Assets/KayKit Mini-Game Variety Pack 1.2/Models/fbx/bomb_teamYellow.fbx
  artifactKey: Guid(124ece047b6e17f4aba181728f0ca298) Importer(815301076,1909f56bfc062723c751e8b465ee728b)
Start importing Assets/KayKit Mini-Game Variety Pack 1.2/Models/fbx/bomb_teamYellow.fbx using Guid(124ece047b6e17f4aba181728f0ca298) Importer(815301076,1909f56bfc062723c751e8b465ee728b)  -> (artifact id: '5a032419b61462b0cb1419c4cc21a9f2') in 0.027225 seconds
Number of updated asset objects reloaded before import = 0
Number of asset objects unloaded after import = 10
========================================================================
Received Import Request.
  Time since last request: 0.603640 seconds.
  path: Assets/KayKit Mini-Game Variety Pack 1.2/Models/fbx/bomb_teamRed.fbx
  artifactKey: Guid(d7db55d5aab86d643af4c10a524251f5) Importer(815301076,1909f56bfc062723c751e8b465ee728b)
Start importing Assets/KayKit Mini-Game Variety Pack 1.2/Models/fbx/bomb_teamRed.fbx using Guid(d7db55d5aab86d643af4c10a524251f5) Importer(815301076,1909f56bfc062723c751e8b465ee728b)  -> (artifact id: '56c06524a7277fcff59a2de37aafb3d6') in 0.025890 seconds
Number of updated asset objects reloaded before import = 0
Number of asset objects unloaded after import = 10
========================================================================
Received Import Request.
  Time since last request: 0.110312 seconds.
  path: Assets/KayKit Mini-Game Variety Pack 1.2/Models/fbx/blaster_teamYellow.fbx
  artifactKey: Guid(7026e8799095243499bfb6bcc00fc904) Importer(815301076,1909f56bfc062723c751e8b465ee728b)
Start importing Assets/KayKit Mini-Game Variety Pack 1.2/Models/fbx/blaster_teamYellow.fbx using Guid(7026e8799095243499bfb6bcc00fc904) Importer(815301076,1909f56bfc062723c751e8b465ee728b)  -> (artifact id: 'c2a38cb9eb21d9ebb9904a64650a2120') in 0.027095 seconds
Number of updated asset objects reloaded before import = 0
Number of asset objects unloaded after import = 9
========================================================================
Received Import Request.
  Time since last request: 0.579000 seconds.
  path: Assets/KayKit Mini-Game Variety Pack 1.2/Models/fbx/blaster_teamRed.fbx
  artifactKey: Guid(d1c9bd787a53c324cbd4846d44e774c7) Importer(815301076,1909f56bfc062723c751e8b465ee728b)
Start importing Assets/KayKit Mini-Game Variety Pack 1.2/Models/fbx/blaster_teamRed.fbx using Guid(d1c9bd787a53c324cbd4846d44e774c7) Importer(815301076,1909f56bfc062723c751e8b465ee728b)  -> (artifact id: '5e9d5c927e89502bf029adc7242f8060') in 0.026864 seconds
Number of updated asset objects reloaded before import = 0
Number of asset objects unloaded after import = 9
========================================================================
Received Import Request.
  Time since last request: 0.022146 seconds.
  path: Assets/KayKit Mini-Game Variety Pack 1.2/Models/dae/blaster_teamBlue.dae
  artifactKey: Guid(e6e66bf17e711564caa3065561b8147a) Importer(815301076,1909f56bfc062723c751e8b465ee728b)
Start importing Assets/KayKit Mini-Game Variety Pack 1.2/Models/dae/blaster_teamBlue.dae using Guid(e6e66bf17e711564caa3065561b8147a) Importer(815301076,1909f56bfc062723c751e8b465ee728b)  -> (artifact id: 'e7015fec553fb1d3906ca8ed3b47427a') in 0.024876 seconds
Number of updated asset objects reloaded before import = 0
Number of asset objects unloaded after import = 9
